2021-04-06 00:00:59.847  INFO 5248 --- [AsyncResolver-bootstrap-executor-0] c.n.d.s.r.aws.ConfigClusterResolver      : Resolving eureka endpoints via configuration
2021-04-06 00:04:58.276  INFO 15140 --- [main] c.c.c.ConfigServicePropertySourceLocator : Fetching config from server at : http://localhost:8888
2021-04-06 00:05:01.348  INFO 15140 --- [main] c.c.c.ConfigServicePropertySourceLocator : Connect Timeout Exception on Url - http://localhost:8888. Will be trying the next url if available
2021-04-06 00:05:01.350  WARN 15140 --- [main] c.c.c.ConfigServicePropertySourceLocator : Could not locate PropertySource: I/O error on GET request for "http://localhost:8888/api-gateway/default": Connection refused: connect; nested exception is java.net.ConnectException: Connection refused: connect
2021-04-06 00:05:01.354  INFO 15140 --- [main] vn.viettel.gateway.Application           : The following profiles are active: dev
2021-04-06 00:05:01.404  INFO 15140 --- [main] ConfigServletWebServerApplicationContext : Refreshing org.springframework.boot.web.servlet.context.AnnotationConfigServletWebServerApplicationContext@7103cb56: startup date [Tue Apr 06 00:05:01 ICT 2021]; parent: org.springframework.context.annotation.AnnotationConfigApplicationContext@31f9b85e
2021-04-06 00:05:04.997  INFO 15140 --- [main] o.s.i.config.IntegrationRegistrar        : No bean named 'integrationHeaderChannelRegistry' has been explicitly defined. Therefore, a default DefaultHeaderChannelRegistry will be created.
2021-04-06 00:05:05.415  INFO 15140 --- [main] o.s.b.f.s.DefaultListableBeanFactory     : Overriding bean definition for bean 'proxyRequestHelper' with a different definition: replacing [Root bean: class [null]; scope=; abstract=false; lazyInit=false; autowireMode=3; dependencyCheck=0; autowireCandidate=true; primary=false; factoryBeanName=org.springframework.cloud.netflix.zuul.ZuulProxyAutoConfiguration$EndpointConfiguration; factoryMethodName=proxyRequestHelper; initMethodName=null; destroyMethodName=(inferred); defined in class path resource [org/springframework/cloud/netflix/zuul/ZuulProxyAutoConfiguration$EndpointConfiguration.class]] with [Root bean: class [null]; scope=; abstract=false; lazyInit=false; autowireMode=3; dependencyCheck=0; autowireCandidate=true; primary=false; factoryBeanName=org.springframework.cloud.netflix.zuul.ZuulProxyAutoConfiguration$NoActuatorConfiguration; factoryMethodName=proxyRequestHelper; initMethodName=null; destroyMethodName=(inferred); defined in class path resource [org/springframework/cloud/netflix/zuul/ZuulProxyAutoConfiguration$NoActuatorConfiguration.class]]
2021-04-06 00:05:05.435  INFO 15140 --- [main] o.s.b.f.s.DefaultListableBeanFactory     : Overriding bean definition for bean 'counterFactory' with a different definition: replacing [Root bean: class [null]; scope=; abstract=false; lazyInit=false; autowireMode=3; dependencyCheck=0; autowireCandidate=true; primary=false; factoryBeanName=org.springframework.cloud.netflix.zuul.ZuulServerAutoConfiguration$ZuulMetricsConfiguration; factoryMethodName=counterFactory; initMethodName=null; destroyMethodName=(inferred); defined in class path resource [org/springframework/cloud/netflix/zuul/ZuulServerAutoConfiguration$ZuulMetricsConfiguration.class]] with [Root bean: class [null]; scope=; abstract=false; lazyInit=false; autowireMode=3; dependencyCheck=0; autowireCandidate=true; primary=false; factoryBeanName=org.springframework.cloud.netflix.zuul.ZuulServerAutoConfiguration$ZuulCounterFactoryConfiguration; factoryMethodName=counterFactory; initMethodName=null; destroyMethodName=(inferred); defined in class path resource [org/springframework/cloud/netflix/zuul/ZuulServerAutoConfiguration$ZuulCounterFactoryConfiguration.class]]
2021-04-06 00:05:06.181  INFO 15140 --- [main] o.s.cloud.context.scope.GenericScope     : BeanFactory id=dcc2f23e-39b1-31a5-8959-fd1f5fded13d
2021-04-06 00:05:06.235  INFO 15140 --- [main] faultConfiguringBeanFactoryPostProcessor : No bean named 'errorChannel' has been explicitly defined. Therefore, a default PublishSubscribeChannel will be created.
2021-04-06 00:05:06.277  INFO 15140 --- [main] faultConfiguringBeanFactoryPostProcessor : No bean named 'taskScheduler' has been explicitly defined. Therefore, a default ThreadPoolTaskScheduler will be created.
2021-04-06 00:05:06.316  INFO 15140 --- [main] f.a.AutowiredAnnotationBeanPostProcessor : JSR-330 'javax.inject.Inject' annotation found and supported for autowiring
2021-04-06 00:05:07.425  INFO 15140 --- [main] trationDelegate$BeanPostProcessorChecker : Bean 'org.springframework.integration.config.IntegrationManagementConfiguration' of type [org.springframework.integration.config.IntegrationManagementConfiguration$$EnhancerBySpringCGLIB$$f43cf065] is not eligible for getting processed by all BeanPostProcessors (for example: not eligible for auto-proxying)
2021-04-06 00:05:07.557  INFO 15140 --- [main] trationDelegate$BeanPostProcessorChecker : Bean 'org.springframework.cloud.autoconfigure.ConfigurationPropertiesRebinderAutoConfiguration' of type [org.springframework.cloud.autoconfigure.ConfigurationPropertiesRebinderAutoConfiguration$$EnhancerBySpringCGLIB$$a5653833] is not eligible for getting processed by all BeanPostProcessors (for example: not eligible for auto-proxying)
2021-04-06 00:05:07.601  INFO 15140 --- [main] trationDelegate$BeanPostProcessorChecker : Bean 'org.springframework.integration.dsl.context.IntegrationFlowContext' of type [org.springframework.integration.dsl.context.IntegrationFlowContext] is not eligible for getting processed by all BeanPostProcessors (for example: not eligible for auto-proxying)
2021-04-06 00:05:08.668  INFO 15140 --- [main] o.s.b.w.embedded.tomcat.TomcatWebServer  : Tomcat initialized with port(s): 2407 (http)
2021-04-06 00:05:08.829  INFO 15140 --- [main] o.apache.catalina.core.StandardService   : Starting service [Tomcat]
2021-04-06 00:05:08.830  INFO 15140 --- [main] org.apache.catalina.core.StandardEngine  : Starting Servlet Engine: Apache Tomcat/8.5.31
2021-04-06 00:05:08.870  INFO 15140 --- [localhost-startStop-1] o.a.catalina.core.AprLifecycleListener   : The APR based Apache Tomcat Native library which allows optimal performance in production environments was not found on the java.library.path: [C:\Program Files\Java\jdk1.8.0_261\bin;C:\Windows\Sun\Java\bin;C:\Windows\system32;C:\Windows;C:\Windows\system32;C:\Windows;C:\Windows\System32\Wbem;C:\Windows\System32\WindowsPowerShell\v1.0\;C:\Windows\System32\OpenSSH\;C:\Program Files\dotnet\;C:\Program Files\Microsoft SQL Server\Client SDK\ODBC\170\Tools\Binn\;C:\Program Files (x86)\Microsoft SQL Server\150\Tools\Binn\;C:\Program Files\Microsoft SQL Server\150\Tools\Binn\;C:\Program Files\Microsoft SQL Server\150\DTS\Binn\;C:\Program Files\Microsoft SQL Server\Client SDK\ODBC\110\Tools\Binn\;C:\Program Files\Microsoft SQL Server\120\Tools\Binn\;C:\Program Files (x86)\Microsoft SQL Server\120\Tools\Binn\;C:\Program Files\Microsoft SQL Server\120\DTS\Binn\;C:\Program Files (x86)\Microsoft SQL Server\120\Tools\Binn\ManagementStudio\;C:\Program Files (x86)\Microsoft SQL Server\120\DTS\Binn\;C:\Program Files\Git\cmd;C:\Program Files\Java\jdk-12\bin;C:\Program Files\Maven\apache-maven-3.6.3\bin;C:\Users\ASUS\AppData\Local\Microsoft\WindowsApps;C:\Users\ASUS\AppData\Roaming\Dashlane\6.1935.0.22811\bin\Firefox_Extension\{442718d9-475e-452a-b3e1-fb1ee16b8e9f}\components;C:\Users\ASUS\AppData\Roaming\Dashlane\6.1935.0.22811\ucrt;C:\Users\ASUS\AppData\Roaming\Dashlane\6.1935.0.22811\bin\Qt;C:\Users\ASUS\AppData\Roaming\Dashlane\6.1935.0.22811\bin\Ssl;C:\Users\ASUS\.dotnet\tools;D:\PH?N M?M\IntelliJ IDEA Community Edition 2020.3.2\bin;;C:\Program Files\JetBrains\IntelliJ IDEA 2020.3.3\bin;;.]
2021-04-06 00:05:09.113  INFO 15140 --- [localhost-startStop-1] o.a.c.c.C.[Tomcat].[localhost].[/]       : Initializing Spring embedded WebApplicationContext
2021-04-06 00:05:09.114  INFO 15140 --- [localhost-startStop-1] o.s.web.context.ContextLoader            : Root WebApplicationContext: initialization completed in 7710 ms
2021-04-06 00:05:10.631  WARN 15140 --- [localhost-startStop-1] c.n.c.sources.URLConfigurationSource     : No URLs will be polled as dynamic configuration sources.
2021-04-06 00:05:10.632  INFO 15140 --- [localhost-startStop-1] c.n.c.sources.URLConfigurationSource     : To enable URLs as dynamic configuration sources, define System property archaius.configurationSource.additionalUrls or make config.properties available on classpath.
2021-04-06 00:05:10.665  INFO 15140 --- [localhost-startStop-1] c.netflix.config.DynamicPropertyFactory  : DynamicPropertyFactory is initialized with configuration sources: com.netflix.config.ConcurrentCompositeConfiguration@4a29c1d8
2021-04-06 00:05:13.255  INFO 15140 --- [localhost-startStop-1] o.s.cloud.commons.util.InetUtils         : Cannot determine local hostname
2021-04-06 00:05:17.254  INFO 15140 --- [localhost-startStop-1] o.s.cloud.commons.util.InetUtils         : Cannot determine local hostname
2021-04-06 00:05:20.216  INFO 15140 --- [localhost-startStop-1] o.s.b.w.servlet.ServletRegistrationBean  : Servlet dispatcherServlet mapped to [/]
2021-04-06 00:05:20.218  INFO 15140 --- [localhost-startStop-1] o.s.b.w.servlet.ServletRegistrationBean  : Servlet zuulServlet mapped to [/zuul/*]
2021-04-06 00:05:20.227  INFO 15140 --- [localhost-startStop-1] o.s.b.w.servlet.FilterRegistrationBean   : Mapping filter: 'characterEncodingFilter' to: [/*]
2021-04-06 00:05:20.228  INFO 15140 --- [localhost-startStop-1] o.s.b.w.servlet.FilterRegistrationBean   : Mapping filter: 'hiddenHttpMethodFilter' to: [/*]
2021-04-06 00:05:20.229  INFO 15140 --- [localhost-startStop-1] o.s.b.w.servlet.FilterRegistrationBean   : Mapping filter: 'httpPutFormContentFilter' to: [/*]
2021-04-06 00:05:20.229  INFO 15140 --- [localhost-startStop-1] o.s.b.w.servlet.FilterRegistrationBean   : Mapping filter: 'requestContextFilter' to: [/*]
2021-04-06 00:05:20.229  INFO 15140 --- [localhost-startStop-1] o.s.b.w.servlet.FilterRegistrationBean   : Mapping filter: 'httpTraceFilter' to: [/*]
2021-04-06 00:05:20.230  INFO 15140 --- [localhost-startStop-1] o.s.b.w.servlet.FilterRegistrationBean   : Mapping filter: 'webMvcMetricsFilter' to: [/*]
2021-04-06 00:05:20.230  INFO 15140 --- [localhost-startStop-1] o.s.b.w.servlet.FilterRegistrationBean   : Mapping filter: 'corsFilter' to: [/*]
2021-04-06 00:05:21.095  WARN 15140 --- [main] c.n.c.sources.URLConfigurationSource     : No URLs will be polled as dynamic configuration sources.
2021-04-06 00:05:21.095  INFO 15140 --- [main] c.n.c.sources.URLConfigurationSource     : To enable URLs as dynamic configuration sources, define System property archaius.configurationSource.additionalUrls or make config.properties available on classpath.
2021-04-06 00:05:21.635  INFO 15140 --- [main] o.s.w.s.handler.SimpleUrlHandlerMapping  : Mapped URL path [/**/favicon.ico] onto handler of type [class org.springframework.web.servlet.resource.ResourceHttpRequestHandler]
2021-04-06 00:05:23.039  INFO 15140 --- [main] s.w.s.m.m.a.RequestMappingHandlerAdapter : Looking for @ControllerAdvice: org.springframework.boot.web.servlet.context.AnnotationConfigServletWebServerApplicationContext@7103cb56: startup date [Tue Apr 06 00:05:01 ICT 2021]; parent: org.springframework.context.annotation.AnnotationConfigApplicationContext@31f9b85e
2021-04-06 00:05:23.315  INFO 15140 --- [main] s.w.s.m.m.a.RequestMappingHandlerMapping : Mapped "{[/gateway/healthCheck],methods=[GET]}" onto public java.lang.String vn.viettel.gateway.controller.GatewayController.healthCheck()
2021-04-06 00:05:23.335  INFO 15140 --- [main] s.w.s.m.m.a.RequestMappingHandlerMapping : Mapped "{[/error],produces=[text/html]}" onto public org.springframework.web.servlet.ModelAndView org.springframework.boot.autoconfigure.web.servlet.error.BasicErrorController.errorHtml(javax.servlet.http.HttpServletRequest,javax.servlet.http.HttpServletResponse)
2021-04-06 00:05:23.382  INFO 15140 --- [main] s.w.s.m.m.a.RequestMappingHandlerMapping : Mapped "{[/error]}" onto public org.springframework.http.ResponseEntity<java.util.Map<java.lang.String, java.lang.Object>> org.springframework.boot.autoconfigure.web.servlet.error.BasicErrorController.error(javax.servlet.http.HttpServletRequest)
2021-04-06 00:05:23.689  INFO 15140 --- [main] o.s.w.s.handler.SimpleUrlHandlerMapping  : Mapped URL path [/webjars/**] onto handler of type [class org.springframework.web.servlet.resource.ResourceHttpRequestHandler]
2021-04-06 00:05:23.690  INFO 15140 --- [main] o.s.w.s.handler.SimpleUrlHandlerMapping  : Mapped URL path [/**] onto handler of type [class org.springframework.web.servlet.resource.ResourceHttpRequestHandler]
2021-04-06 00:05:26.007  INFO 15140 --- [main] o.s.s.c.ThreadPoolTaskScheduler          : Initializing ExecutorService  'taskScheduler'
2021-04-06 00:05:30.778  INFO 15140 --- [main] o.s.c.n.zuul.ZuulFilterInitializer       : Starting filter initializer
2021-04-06 00:05:31.078  INFO 15140 --- [main] o.s.b.a.e.web.EndpointLinksResolver      : Exposing 3 endpoint(s) beneath base path '/actuator'
2021-04-06 00:05:31.138  INFO 15140 --- [main] s.b.a.e.w.s.WebMvcEndpointHandlerMapping : Mapped "{[/actuator/health],methods=[GET],produces=[application/vnd.spring-boot.actuator.v2+json || application/json]}" onto public java.lang.Object org.springframework.boot.actuate.endpoint.web.servlet.AbstractWebMvcEndpointHandlerMapping$OperationHandler.handle(javax.servlet.http.HttpServletRequest,java.util.Map<java.lang.String, java.lang.String>)
2021-04-06 00:05:31.142  INFO 15140 --- [main] s.b.a.e.w.s.WebMvcEndpointHandlerMapping : Mapped "{[/actuator/info],methods=[GET],produces=[application/vnd.spring-boot.actuator.v2+json || application/json]}" onto public java.lang.Object org.springframework.boot.actuate.endpoint.web.servlet.AbstractWebMvcEndpointHandlerMapping$OperationHandler.handle(javax.servlet.http.HttpServletRequest,java.util.Map<java.lang.String, java.lang.String>)
2021-04-06 00:05:31.145  INFO 15140 --- [main] s.b.a.e.w.s.WebMvcEndpointHandlerMapping : Mapped "{[/actuator/refresh],methods=[POST],produces=[application/vnd.spring-boot.actuator.v2+json || application/json]}" onto public java.lang.Object org.springframework.boot.actuate.endpoint.web.servlet.AbstractWebMvcEndpointHandlerMapping$OperationHandler.handle(javax.servlet.http.HttpServletRequest,java.util.Map<java.lang.String, java.lang.String>)
2021-04-06 00:05:31.148  INFO 15140 --- [main] s.b.a.e.w.s.WebMvcEndpointHandlerMapping : Mapped "{[/actuator],methods=[GET],produces=[application/vnd.spring-boot.actuator.v2+json || application/json]}" onto protected java.util.Map<java.lang.String, java.util.Map<java.lang.String, org.springframework.boot.actuate.endpoint.web.Link>> org.springframework.boot.actuate.endpoint.web.servlet.WebMvcEndpointHandlerMapping.links(javax.servlet.http.HttpServletRequest,javax.servlet.http.HttpServletResponse)
2021-04-06 00:05:32.080  INFO 15140 --- [main] o.s.j.e.a.AnnotationMBeanExporter        : Registering beans for JMX exposure on startup
2021-04-06 00:05:32.099  INFO 15140 --- [main] o.s.j.e.a.AnnotationMBeanExporter        : Bean with name 'environmentManager' has been autodetected for JMX exposure
2021-04-06 00:05:32.101  INFO 15140 --- [main] o.s.j.e.a.AnnotationMBeanExporter        : Bean with name 'refreshScope' has been autodetected for JMX exposure
2021-04-06 00:05:32.108  INFO 15140 --- [main] o.s.j.e.a.AnnotationMBeanExporter        : Bean with name 'configurationPropertiesRebinder' has been autodetected for JMX exposure
2021-04-06 00:05:32.119  INFO 15140 --- [main] o.s.j.e.a.AnnotationMBeanExporter        : Located managed bean 'environmentManager': registering with JMX server as MBean [org.springframework.cloud.context.environment:name=environmentManager,type=EnvironmentManager]
2021-04-06 00:05:32.141  INFO 15140 --- [main] o.s.j.e.a.AnnotationMBeanExporter        : Located managed bean 'refreshScope': registering with JMX server as MBean [org.springframework.cloud.context.scope.refresh:name=refreshScope,type=RefreshScope]
2021-04-06 00:05:32.197  INFO 15140 --- [main] o.s.j.e.a.AnnotationMBeanExporter        : Located managed bean 'configurationPropertiesRebinder': registering with JMX server as MBean [org.springframework.cloud.context.properties:name=configurationPropertiesRebinder,context=7103cb56,type=ConfigurationPropertiesRebinder]
2021-04-06 00:05:32.314  INFO 15140 --- [main] o.s.c.support.DefaultLifecycleProcessor  : Starting beans in phase 0
2021-04-06 00:05:32.333  INFO 15140 --- [main] o.s.c.n.eureka.InstanceInfoFactory       : Setting initial instance status as: STARTING
2021-04-06 00:05:32.450  INFO 15140 --- [main] com.netflix.discovery.DiscoveryClient    : Initializing Eureka in region us-east-1
2021-04-06 00:05:32.863  INFO 15140 --- [main] c.n.d.provider.DiscoveryJerseyProvider   : Using JSON encoding codec LegacyJacksonJson
2021-04-06 00:05:32.863  INFO 15140 --- [main] c.n.d.provider.DiscoveryJerseyProvider   : Using JSON decoding codec LegacyJacksonJson
2021-04-06 00:05:33.523  INFO 15140 --- [main] c.n.d.provider.DiscoveryJerseyProvider   : Using XML encoding codec XStreamXml
2021-04-06 00:05:33.523  INFO 15140 --- [main] c.n.d.provider.DiscoveryJerseyProvider   : Using XML decoding codec XStreamXml
2021-04-06 00:05:34.257  INFO 15140 --- [main] c.n.d.s.r.aws.ConfigClusterResolver      : Resolving eureka endpoints via configuration
2021-04-06 00:05:35.495  INFO 15140 --- [main] com.netflix.discovery.DiscoveryClient    : Disable delta property : false
2021-04-06 00:05:35.500  INFO 15140 --- [main] com.netflix.discovery.DiscoveryClient    : Single vip registry refresh property : null
2021-04-06 00:05:35.501  INFO 15140 --- [main] com.netflix.discovery.DiscoveryClient    : Force full registry fetch : false
2021-04-06 00:05:35.502  INFO 15140 --- [main] com.netflix.discovery.DiscoveryClient    : Application is null : false
2021-04-06 00:05:35.503  INFO 15140 --- [main] com.netflix.discovery.DiscoveryClient    : Registered Applications size is zero : true
2021-04-06 00:05:35.504  INFO 15140 --- [main] com.netflix.discovery.DiscoveryClient    : Application version is -1: true
2021-04-06 00:05:35.504  INFO 15140 --- [main] com.netflix.discovery.DiscoveryClient    : Getting all instance registry info from the eureka server
2021-04-06 00:05:36.464  INFO 15140 --- [main] com.netflix.discovery.DiscoveryClient    : The response status is 200
2021-04-06 00:05:36.493  INFO 15140 --- [main] com.netflix.discovery.DiscoveryClient    : Starting heartbeat executor: renew interval is: 1
2021-04-06 00:05:36.499  INFO 15140 --- [main] c.n.discovery.InstanceInfoReplicator     : InstanceInfoReplicator onDemand update allowed rate per min is 4
2021-04-06 00:05:36.510  INFO 15140 --- [main] com.netflix.discovery.DiscoveryClient    : Discovery Client initialized at timestamp 1617642336507 with initial instances count: 0
2021-04-06 00:05:36.534  INFO 15140 --- [main] o.s.c.n.e.s.EurekaServiceRegistry        : Registering application api-gateway with eureka with status UP
2021-04-06 00:05:36.536  INFO 15140 --- [main] com.netflix.discovery.DiscoveryClient    : Saw local status change event StatusChangeEvent [timestamp=1617642336536, current=UP, previous=STARTING]
2021-04-06 00:05:36.547  INFO 15140 --- [main] o.s.i.endpoint.EventDrivenConsumer       : Adding {logging-channel-adapter:_org.springframework.integration.errorLogger} as a subscriber to the 'errorChannel' channel
2021-04-06 00:05:36.574  INFO 15140 --- [main] o.s.i.channel.PublishSubscribeChannel    : Channel 'application-1.errorChannel' has 1 subscriber(s).
2021-04-06 00:05:36.575  INFO 15140 --- [main] o.s.i.endpoint.EventDrivenConsumer       : started _org.springframework.integration.errorLogger
2021-04-06 00:05:36.717  INFO 15140 --- [DiscoveryClient-InstanceInfoReplicator-0] com.netflix.discovery.DiscoveryClient    : DiscoveryClient_API-GATEWAY/localhost:api-gateway:2407: registering service...
2021-04-06 00:05:37.460  INFO 15140 --- [DiscoveryClient-InstanceInfoReplicator-0] com.netflix.discovery.DiscoveryClient    : DiscoveryClient_API-GATEWAY/localhost:api-gateway:2407 - registration status: 204
2021-04-06 00:05:37.293  INFO 15140 --- [main] o.s.b.w.embedded.tomcat.TomcatWebServer  : Tomcat started on port(s): 2407 (http) with context path ''
2021-04-06 00:05:37.752  INFO 15140 --- [main] .s.c.n.e.s.EurekaAutoServiceRegistration : Updating port to 2407
2021-04-06 00:05:37.758  INFO 15140 --- [main] vn.viettel.gateway.Application           : Started Application in 48.604 seconds (JVM running for 53.001)
2021-04-06 00:05:42.444  INFO 15140 --- [RMI TCP Connection(1)-192.168.200.109] c.c.c.ConfigServicePropertySourceLocator : Fetching config from server at : http://localhost:8888
2021-04-06 00:05:42.791  INFO 15140 --- [RMI TCP Connection(2)-192.168.200.109] o.a.c.c.C.[Tomcat].[localhost].[/]       : Initializing Spring FrameworkServlet 'dispatcherServlet'
2021-04-06 00:05:42.791  INFO 15140 --- [RMI TCP Connection(2)-192.168.200.109] o.s.web.servlet.DispatcherServlet        : FrameworkServlet 'dispatcherServlet': initialization started
2021-04-06 00:05:42.831  INFO 15140 --- [RMI TCP Connection(2)-192.168.200.109] o.s.web.servlet.DispatcherServlet        : FrameworkServlet 'dispatcherServlet': initialization completed in 39 ms
2021-04-06 00:05:44.860  INFO 15140 --- [RMI TCP Connection(1)-192.168.200.109] c.c.c.ConfigServicePropertySourceLocator : Connect Timeout Exception on Url - http://localhost:8888. Will be trying the next url if available
2021-04-06 00:05:44.860  WARN 15140 --- [RMI TCP Connection(1)-192.168.200.109] c.c.c.ConfigServicePropertySourceLocator : Could not locate PropertySource: I/O error on GET request for "http://localhost:8888/api-gateway/default": Connection refused: connect; nested exception is java.net.ConnectException: Connection refused: connect
2021-04-06 00:06:06.580  INFO 15140 --- [DiscoveryClient-CacheRefreshExecutor-0] com.netflix.discovery.DiscoveryClient    : Disable delta property : false
2021-04-06 00:06:06.581  INFO 15140 --- [DiscoveryClient-CacheRefreshExecutor-0] com.netflix.discovery.DiscoveryClient    : Single vip registry refresh property : null
2021-04-06 00:06:06.583  INFO 15140 --- [DiscoveryClient-CacheRefreshExecutor-0] com.netflix.discovery.DiscoveryClient    : Force full registry fetch : false
2021-04-06 00:06:06.584  INFO 15140 --- [DiscoveryClient-CacheRefreshExecutor-0] com.netflix.discovery.DiscoveryClient    : Application is null : false
2021-04-06 00:06:06.584  INFO 15140 --- [DiscoveryClient-CacheRefreshExecutor-0] com.netflix.discovery.DiscoveryClient    : Registered Applications size is zero : true
2021-04-06 00:06:06.585  INFO 15140 --- [DiscoveryClient-CacheRefreshExecutor-0] com.netflix.discovery.DiscoveryClient    : Application version is -1: false
2021-04-06 00:06:06.586  INFO 15140 --- [DiscoveryClient-CacheRefreshExecutor-0] com.netflix.discovery.DiscoveryClient    : Getting all instance registry info from the eureka server
2021-04-06 00:06:06.698  INFO 15140 --- [DiscoveryClient-CacheRefreshExecutor-0] com.netflix.discovery.DiscoveryClient    : The response status is 200
2021-04-06 00:07:27.530  INFO 15140 --- [http-nio-2407-exec-1] o.s.c.n.zuul.web.ZuulHandlerMapping      : Mapped URL path [/api/user/**] onto handler of type [class org.springframework.cloud.netflix.zuul.web.ZuulController]
2021-04-06 00:07:27.530  INFO 15140 --- [http-nio-2407-exec-1] o.s.c.n.zuul.web.ZuulHandlerMapping      : Mapped URL path [/api/common/**] onto handler of type [class org.springframework.cloud.netflix.zuul.web.ZuulController]
2021-04-06 00:07:27.530  INFO 15140 --- [http-nio-2407-exec-1] o.s.c.n.zuul.web.ZuulHandlerMapping      : Mapped URL path [/api/customer/**] onto handler of type [class org.springframework.cloud.netflix.zuul.web.ZuulController]
2021-04-06 00:07:27.530  INFO 15140 --- [http-nio-2407-exec-1] o.s.c.n.zuul.web.ZuulHandlerMapping      : Mapped URL path [/api/promotion/**] onto handler of type [class org.springframework.cloud.netflix.zuul.web.ZuulController]
2021-04-06 00:07:27.531  INFO 15140 --- [http-nio-2407-exec-1] o.s.c.n.zuul.web.ZuulHandlerMapping      : Mapped URL path [/api/report/**] onto handler of type [class org.springframework.cloud.netflix.zuul.web.ZuulController]
2021-04-06 00:07:27.531  INFO 15140 --- [http-nio-2407-exec-1] o.s.c.n.zuul.web.ZuulHandlerMapping      : Mapped URL path [/api/sale/**] onto handler of type [class org.springframework.cloud.netflix.zuul.web.ZuulController]
2021-04-06 00:07:27.531  INFO 15140 --- [http-nio-2407-exec-1] o.s.c.n.zuul.web.ZuulHandlerMapping      : Mapped URL path [/api/setting/**] onto handler of type [class org.springframework.cloud.netflix.zuul.web.ZuulController]
2021-04-06 00:07:27.531  INFO 15140 --- [http-nio-2407-exec-1] o.s.c.n.zuul.web.ZuulHandlerMapping      : Mapped URL path [/customer-service/**] onto handler of type [class org.springframework.cloud.netflix.zuul.web.ZuulController]
2021-04-06 00:07:27.531  INFO 15140 --- [http-nio-2407-exec-1] o.s.c.n.zuul.web.ZuulHandlerMapping      : Mapped URL path [/promotion-service/**] onto handler of type [class org.springframework.cloud.netflix.zuul.web.ZuulController]
2021-04-06 00:07:27.532  INFO 15140 --- [http-nio-2407-exec-1] o.s.c.n.zuul.web.ZuulHandlerMapping      : Mapped URL path [/sale-service/**] onto handler of type [class org.springframework.cloud.netflix.zuul.web.ZuulController]
2021-04-06 00:07:27.598  INFO 15140 --- [http-nio-2407-exec-1] s.c.a.AnnotationConfigApplicationContext : Refreshing SpringClientFactory-customer-service: startup date [Tue Apr 06 00:07:27 ICT 2021]; parent: org.springframework.boot.web.servlet.context.AnnotationConfigServletWebServerApplicationContext@7103cb56
2021-04-06 00:07:27.737  INFO 15140 --- [http-nio-2407-exec-1] f.a.AutowiredAnnotationBeanPostProcessor : JSR-330 'javax.inject.Inject' annotation found and supported for autowiring
2021-04-06 00:07:28.263  INFO 15140 --- [http-nio-2407-exec-1] c.netflix.config.ChainedDynamicProperty  : Flipping property: customer-service.ribbon.ActiveConnectionsLimit to use NEXT property: niws.loadbalancer.availabilityFilteringRule.activeConnectionsLimit = 2147483647
2021-04-06 00:07:28.300  INFO 15140 --- [http-nio-2407-exec-1] c.n.u.concurrent.ShutdownEnabledTimer    : Shutdown hook installed for: NFLoadBalancer-PingTimer-customer-service
2021-04-06 00:07:28.355  INFO 15140 --- [http-nio-2407-exec-1] c.netflix.loadbalancer.BaseLoadBalancer  : Client: customer-service instantiated a LoadBalancer: DynamicServerListLoadBalancer:{NFLoadBalancer:name=customer-service,current list of Servers=[],Load balancer stats=Zone stats: {},Server stats: []}ServerList:null
2021-04-06 00:07:28.370  INFO 15140 --- [http-nio-2407-exec-1] c.n.l.DynamicServerListLoadBalancer      : Using serverListUpdater PollingServerListUpdater
2021-04-06 00:07:28.519  INFO 15140 --- [http-nio-2407-exec-1] c.netflix.config.ChainedDynamicProperty  : Flipping property: customer-service.ribbon.ActiveConnectionsLimit to use NEXT property: niws.loadbalancer.availabilityFilteringRule.activeConnectionsLimit = 2147483647
2021-04-06 00:07:28.523  INFO 15140 --- [http-nio-2407-exec-1] c.n.l.DynamicServerListLoadBalancer      : DynamicServerListLoadBalancer for client customer-service initialized: DynamicServerListLoadBalancer:{NFLoadBalancer:name=customer-service,current list of Servers=[localhost:9003],Load balancer stats=Zone stats: {defaultzone=[Zone:defaultzone;	Instance count:1;	Active connections count: 0;	Circuit breaker tripped count: 0;	Active connections per server: 0.0;]
},Server stats: [[Server:localhost:9003;	Zone:defaultZone;	Total Requests:0;	Successive connection failure:0;	Total blackout seconds:0;	Last connection made:Thu Jan 01 07:00:00 ICT 1970;	First connection made: Thu Jan 01 07:00:00 ICT 1970;	Active Connections:0;	total failure count in last (1000) msecs:0;	average resp time:0.0;	90 percentile resp time:0.0;	95 percentile resp time:0.0;	min resp time:0.0;	max resp time:0.0;	stddev resp time:0.0]
]}ServerList:org.springframework.cloud.netflix.ribbon.eureka.DomainExtractingServerList@7965d766
2021-04-06 00:07:29.378  INFO 15140 --- [PollingServerListUpdater-0] c.netflix.config.ChainedDynamicProperty  : Flipping property: customer-service.ribbon.ActiveConnectionsLimit to use NEXT property: niws.loadbalancer.availabilityFilteringRule.activeConnectionsLimit = 2147483647
