2021-03-16 17:27:36.132  INFO 5656 --- [main] c.c.c.ConfigServicePropertySourceLocator : Fetching config from server at : http://localhost:8888
2021-03-16 17:27:38.269  INFO 5656 --- [main] c.c.c.ConfigServicePropertySourceLocator : Connect Timeout Exception on Url - http://localhost:8888. Will be trying the next url if available
2021-03-16 17:27:38.270  WARN 5656 --- [main] c.c.c.ConfigServicePropertySourceLocator : Could not locate PropertySource: I/O error on GET request for "http://localhost:8888/authorization-service/default": Connection refused: connect; nested exception is java.net.ConnectException: Connection refused: connect
2021-03-16 17:27:38.272  INFO 5656 --- [main] vn.viettel.authorization.Application     : The following profiles are active: dev
2021-03-16 17:27:38.307  INFO 5656 --- [main] ConfigServletWebServerApplicationContext : Refreshing org.springframework.boot.web.servlet.context.AnnotationConfigServletWebServerApplicationContext@5911e990: startup date [Tue Mar 16 17:27:38 ICT 2021]; parent: org.springframework.context.annotation.AnnotationConfigApplicationContext@776b83cc
2021-03-16 17:27:39.750  INFO 5656 --- [main] o.s.b.f.s.DefaultListableBeanFactory     : Overriding bean definition for bean 'jwtTokenCreate' with a different definition: replacing [Generic bean: class [vn.viettel.authorization.security.JwtTokenCreate]; scope=singleton; abstract=false; lazyInit=false; autowireMode=0; dependencyCheck=0; autowireCandidate=true; primary=false; factoryBeanName=null; factoryMethodName=null; initMethodName=null; destroyMethodName=null; defined in file [D:\Source\KCH-API\authorization-service\target\classes\vn\viettel\authorization\security\JwtTokenCreate.class]] with [Root bean: class [null]; scope=; abstract=false; lazyInit=false; autowireMode=3; dependencyCheck=0; autowireCandidate=true; primary=false; factoryBeanName=securityConfig; factoryMethodName=jwtTokenCreate; initMethodName=null; destroyMethodName=(inferred); defined in class path resource [vn/viettel/authorization/config/SecurityConfig.class]]
2021-03-16 17:27:39.751  INFO 5656 --- [main] o.s.b.f.s.DefaultListableBeanFactory     : Overriding bean definition for bean 'jwtTokenValidate' with a different definition: replacing [Generic bean: class [vn.viettel.core.security.JwtTokenValidate]; scope=singleton; abstract=false; lazyInit=false; autowireMode=0; dependencyCheck=0; autowireCandidate=true; primary=false; factoryBeanName=null; factoryMethodName=null; initMethodName=null; destroyMethodName=null; defined in file [D:\Source\KCH-API\core-entity\target\classes\vn\viettel\core\security\JwtTokenValidate.class]] with [Root bean: class [null]; scope=; abstract=false; lazyInit=false; autowireMode=3; dependencyCheck=0; autowireCandidate=true; primary=false; factoryBeanName=securityConfig; factoryMethodName=jwtTokenValidate; initMethodName=null; destroyMethodName=(inferred); defined in class path resource [vn/viettel/authorization/config/SecurityConfig.class]]
2021-03-16 17:27:39.752  INFO 5656 --- [main] o.s.b.f.s.DefaultListableBeanFactory     : Overriding bean definition for bean 'feignTokenValidate' with a different definition: replacing [Generic bean: class [vn.viettel.core.security.FeignTokenValidate]; scope=singleton; abstract=false; lazyInit=false; autowireMode=0; dependencyCheck=0; autowireCandidate=true; primary=false; factoryBeanName=null; factoryMethodName=null; initMethodName=null; destroyMethodName=null; defined in file [D:\Source\KCH-API\core-entity\target\classes\vn\viettel\core\security\FeignTokenValidate.class]] with [Root bean: class [null]; scope=; abstract=false; lazyInit=false; autowireMode=3; dependencyCheck=0; autowireCandidate=true; primary=false; factoryBeanName=securityConfig; factoryMethodName=feignTokenValidate; initMethodName=null; destroyMethodName=(inferred); defined in class path resource [vn/viettel/authorization/config/SecurityConfig.class]]
2021-03-16 17:27:39.752  INFO 5656 --- [main] o.s.b.f.s.DefaultListableBeanFactory     : Overriding bean definition for bean 'checkRoleInterceptor' with a different definition: replacing [Generic bean: class [vn.viettel.core.security.interceptor.CheckRoleInterceptor]; scope=singleton; abstract=false; lazyInit=false; autowireMode=0; dependencyCheck=0; autowireCandidate=true; primary=false; factoryBeanName=null; factoryMethodName=null; initMethodName=null; destroyMethodName=null; defined in file [D:\Source\KCH-API\core-entity\target\classes\vn\viettel\core\security\interceptor\CheckRoleInterceptor.class]] with [Root bean: class [null]; scope=; abstract=false; lazyInit=false; autowireMode=3; dependencyCheck=0; autowireCandidate=true; primary=false; factoryBeanName=securityConfig; factoryMethodName=checkRoleInterceptor; initMethodName=null; destroyMethodName=(inferred); defined in class path resource [vn/viettel/authorization/config/SecurityConfig.class]]
2021-03-16 17:27:39.761  INFO 5656 --- [main] o.s.b.f.s.DefaultListableBeanFactory     : Overriding bean definition for bean 'jwtTokenValidate' with a different definition: replacing [Root bean: class [null]; scope=; abstract=false; lazyInit=false; autowireMode=3; dependencyCheck=0; autowireCandidate=true; primary=false; factoryBeanName=securityConfig; factoryMethodName=jwtTokenValidate; initMethodName=null; destroyMethodName=(inferred); defined in class path resource [vn/viettel/authorization/config/SecurityConfig.class]] with [Root bean: class [null]; scope=; abstract=false; lazyInit=false; autowireMode=3; dependencyCheck=0; autowireCandidate=true; primary=false; factoryBeanName=apiSecurityConfig; factoryMethodName=jwtTokenValidate; initMethodName=null; destroyMethodName=(inferred); defined in class path resource [vn/viettel/core/security/config/ApiSecurityConfig.class]]
2021-03-16 17:27:39.762  INFO 5656 --- [main] o.s.b.f.s.DefaultListableBeanFactory     : Overriding bean definition for bean 'feignTokenValidate' with a different definition: replacing [Root bean: class [null]; scope=; abstract=false; lazyInit=false; autowireMode=3; dependencyCheck=0; autowireCandidate=true; primary=false; factoryBeanName=securityConfig; factoryMethodName=feignTokenValidate; initMethodName=null; destroyMethodName=(inferred); defined in class path resource [vn/viettel/authorization/config/SecurityConfig.class]] with [Root bean: class [null]; scope=; abstract=false; lazyInit=false; autowireMode=3; dependencyCheck=0; autowireCandidate=true; primary=false; factoryBeanName=apiSecurityConfig; factoryMethodName=feignTokenValidate; initMethodName=null; destroyMethodName=(inferred); defined in class path resource [vn/viettel/core/security/config/ApiSecurityConfig.class]]
2021-03-16 17:27:39.762  INFO 5656 --- [main] o.s.b.f.s.DefaultListableBeanFactory     : Overriding bean definition for bean 'checkRoleInterceptor' with a different definition: replacing [Root bean: class [null]; scope=; abstract=false; lazyInit=false; autowireMode=3; dependencyCheck=0; autowireCandidate=true; primary=false; factoryBeanName=securityConfig; factoryMethodName=checkRoleInterceptor; initMethodName=null; destroyMethodName=(inferred); defined in class path resource [vn/viettel/authorization/config/SecurityConfig.class]] with [Root bean: class [null]; scope=; abstract=false; lazyInit=false; autowireMode=3; dependencyCheck=0; autowireCandidate=true; primary=false; factoryBeanName=apiSecurityConfig; factoryMethodName=checkRoleInterceptor; initMethodName=null; destroyMethodName=(inferred); defined in class path resource [vn/viettel/core/security/config/ApiSecurityConfig.class]]
2021-03-16 17:27:39.762  INFO 5656 --- [main] o.s.b.f.s.DefaultListableBeanFactory     : Overriding bean definition for bean 'checkFeatureIsAvailable' with a different definition: replacing [Root bean: class [null]; scope=; abstract=false; lazyInit=false; autowireMode=3; dependencyCheck=0; autowireCandidate=true; primary=false; factoryBeanName=securityConfig; factoryMethodName=checkFeatureIsAvailable; initMethodName=null; destroyMethodName=(inferred); defined in class path resource [vn/viettel/authorization/config/SecurityConfig.class]] with [Root bean: class [null]; scope=; abstract=false; lazyInit=false; autowireMode=3; dependencyCheck=0; autowireCandidate=true; primary=false; factoryBeanName=apiSecurityConfig; factoryMethodName=checkFeatureIsAvailable; initMethodName=null; destroyMethodName=(inferred); defined in class path resource [vn/viettel/core/security/config/ApiSecurityConfig.class]]
2021-03-16 17:27:39.763  INFO 5656 --- [main] o.s.b.f.s.DefaultListableBeanFactory     : Overriding bean definition for bean 'checkTokenExpiredInterceptor' with a different definition: replacing [Root bean: class [null]; scope=; abstract=false; lazyInit=false; autowireMode=3; dependencyCheck=0; autowireCandidate=true; primary=false; factoryBeanName=securityConfig; factoryMethodName=checkTokenExpiredInterceptor; initMethodName=null; destroyMethodName=(inferred); defined in class path resource [vn/viettel/authorization/config/SecurityConfig.class]] with [Root bean: class [null]; scope=; abstract=false; lazyInit=false; autowireMode=3; dependencyCheck=0; autowireCandidate=true; primary=false; factoryBeanName=apiSecurityConfig; factoryMethodName=checkTokenExpiredInterceptor; initMethodName=null; destroyMethodName=(inferred); defined in class path resource [vn/viettel/core/security/config/ApiSecurityConfig.class]]
2021-03-16 17:27:39.763  INFO 5656 --- [main] o.s.b.f.s.DefaultListableBeanFactory     : Overriding bean definition for bean 'scopedTarget.securityContexHolder' with a different definition: replacing [Root bean: class [null]; scope=request; abstract=false; lazyInit=false; autowireMode=3; dependencyCheck=0; autowireCandidate=false; primary=false; factoryBeanName=securityConfig; factoryMethodName=securityContexHolder; initMethodName=null; destroyMethodName=(inferred); defined in class path resource [vn/viettel/authorization/config/SecurityConfig.class]] with [Root bean: class [null]; scope=request; abstract=false; lazyInit=false; autowireMode=3; dependencyCheck=0; autowireCandidate=false; primary=false; factoryBeanName=apiSecurityConfig; factoryMethodName=securityContexHolder; initMethodName=null; destroyMethodName=(inferred); defined in class path resource [vn/viettel/core/security/config/ApiSecurityConfig.class]]
2021-03-16 17:27:40.880  INFO 5656 --- [main] o.s.i.config.IntegrationRegistrar        : No bean named 'integrationHeaderChannelRegistry' has been explicitly defined. Therefore, a default DefaultHeaderChannelRegistry will be created.
2021-03-16 17:27:41.157  INFO 5656 --- [main] o.s.b.f.s.DefaultListableBeanFactory     : Overriding bean definition for bean 'dataSource' with a different definition: replacing [Root bean: class [null]; scope=refresh; abstract=false; lazyInit=false; autowireMode=3; dependencyCheck=0; autowireCandidate=false; primary=false; factoryBeanName=org.springframework.boot.autoconfigure.jdbc.DataSourceConfiguration$Hikari; factoryMethodName=dataSource; initMethodName=null; destroyMethodName=(inferred); defined in class path resource [org/springframework/boot/autoconfigure/jdbc/DataSourceConfiguration$Hikari.class]] with [Root bean: class [org.springframework.aop.scope.ScopedProxyFactoryBean]; scope=; abstract=false; lazyInit=false; autowireMode=0; dependencyCheck=0; autowireCandidate=true; primary=false; factoryBeanName=null; factoryMethodName=null; initMethodName=null; destroyMethodName=null; defined in BeanDefinition defined in class path resource [org/springframework/boot/autoconfigure/jdbc/DataSourceConfiguration$Hikari.class]]
2021-03-16 17:27:41.632  INFO 5656 --- [main] o.s.cloud.context.scope.GenericScope     : BeanFactory id=d521cbe0-9dfa-3aa8-943a-c4451c82d2fa
2021-03-16 17:27:41.680  INFO 5656 --- [main] faultConfiguringBeanFactoryPostProcessor : No bean named 'errorChannel' has been explicitly defined. Therefore, a default PublishSubscribeChannel will be created.
2021-03-16 17:27:41.688  INFO 5656 --- [main] faultConfiguringBeanFactoryPostProcessor : No bean named 'taskScheduler' has been explicitly defined. Therefore, a default ThreadPoolTaskScheduler will be created.
2021-03-16 17:27:41.705  INFO 5656 --- [main] f.a.AutowiredAnnotationBeanPostProcessor : JSR-330 'javax.inject.Inject' annotation found and supported for autowiring
2021-03-16 17:27:41.993  INFO 5656 --- [main] trationDelegate$BeanPostProcessorChecker : Bean 'org.springframework.transaction.annotation.ProxyTransactionManagementConfiguration' of type [org.springframework.transaction.annotation.ProxyTransactionManagementConfiguration$$EnhancerBySpringCGLIB$$a21af03b] is not eligible for getting processed by all BeanPostProcessors (for example: not eligible for auto-proxying)
2021-03-16 17:27:42.069  INFO 5656 --- [main] trationDelegate$BeanPostProcessorChecker : Bean 'org.springframework.integration.config.IntegrationManagementConfiguration' of type [org.springframework.integration.config.IntegrationManagementConfiguration$$EnhancerBySpringCGLIB$$d0cab6a] is not eligible for getting processed by all BeanPostProcessors (for example: not eligible for auto-proxying)
2021-03-16 17:27:42.109  INFO 5656 --- [main] trationDelegate$BeanPostProcessorChecker : Bean 'org.springframework.cloud.autoconfigure.ConfigurationPropertiesRebinderAutoConfiguration' of type [org.springframework.cloud.autoconfigure.ConfigurationPropertiesRebinderAutoConfiguration$$EnhancerBySpringCGLIB$$be34f338] is not eligible for getting processed by all BeanPostProcessors (for example: not eligible for auto-proxying)
2021-03-16 17:27:42.134  INFO 5656 --- [main] trationDelegate$BeanPostProcessorChecker : Bean 'org.springframework.integration.dsl.context.IntegrationFlowContext' of type [org.springframework.integration.dsl.context.IntegrationFlowContext] is not eligible for getting processed by all BeanPostProcessors (for example: not eligible for auto-proxying)
2021-03-16 17:27:42.625  INFO 5656 --- [main] o.s.b.w.embedded.tomcat.TomcatWebServer  : Tomcat initialized with port(s): 9001 (http)
2021-03-16 17:27:42.657  INFO 5656 --- [main] o.apache.catalina.core.StandardService   : Starting service [Tomcat]
2021-03-16 17:27:42.657  INFO 5656 --- [main] org.apache.catalina.core.StandardEngine  : Starting Servlet Engine: Apache Tomcat/8.5.31
2021-03-16 17:27:42.664  INFO 5656 --- [localhost-startStop-1] o.a.catalina.core.AprLifecycleListener   : The APR based Apache Tomcat Native library which allows optimal performance in production environments was not found on the java.library.path: [C:\Program Files\Java\jdk1.8.0_261\bin;C:\WINDOWS\Sun\Java\bin;C:\WINDOWS\system32;C:\WINDOWS;C:\opt\apache-maven-3.6.3\bin;C:\Program Files\Java\jdk1.8.0_261\bin;C:\WINDOWS\system32;C:\WINDOWS;C:\WINDOWS\System32\Wbem;C:\WINDOWS\System32\WindowsPowerShell\v1.0\;C:\Program Files (x86)\Intel\Intel(R) Management Engine Components\DAL;C:\Program Files\Intel\Intel(R) Management Engine Components\DAL;C:\Program Files\Microsoft SQL Server\110\Tools\Binn\;C:\Program Files (x86)\Microsoft SQL Server\110\Tools\Binn\;C:\Program Files\Microsoft SQL Server\110\DTS\Binn\;C:\Program Files (x86)\Microsoft SQL Server\110\Tools\Binn\ManagementStudio\;C:\Program Files (x86)\Microsoft Visual Studio 10.0\Common7\IDE\PrivateAssemblies\;C:\Program Files (x86)\Microsoft SQL Server\110\DTS\Binn\;C:\Program Files\dotnet\;C:\Program Files\Microsoft SQL Server\130\Tools\Binn\;C:\Program Files\Java\jre1.8.0_192\bin;%CURL_HOME%\bin;C:\ProgramData\chocolatey\bin;C:\WINDOWS\System32\OpenSSH\;C:\xampp\php;C:\ProgramData\ComposerSetup\bin;C:\Program Files\Git\cmd;C:\Program Files\MySQL\MySQL Shell 8.0\bin\;C:\Users\Admin\AppData\Local\Programs\Python\Python39\Scripts\;C:\Users\Admin\AppData\Local\Programs\Python\Python39\;C:\Users\Admin\AppData\Local\Microsoft\WindowsApps;C:\Program Files\JetBrains\PyCharm Community Edition 2020.2.30\bin;C:\Users\Admin\Documents\WindowsPowerShell\Scripts;C:\curl-7.73.0-win64-mingw\bin;C:\Users\Admin\AppData\Local\Microsoft\WindowsApps;C:\Users\Admin\AppData\Local\Programs\Microsoft VS Code\bin;C:\Users\Admin\AppData\Roaming\Composer\vendor\bin;.]
2021-03-16 17:27:42.790  INFO 5656 --- [localhost-startStop-1] o.a.c.c.C.[Tomcat].[localhost].[/]       : Initializing Spring embedded WebApplicationContext
2021-03-16 17:27:42.790  INFO 5656 --- [localhost-startStop-1] o.s.web.context.ContextLoader            : Root WebApplicationContext: initialization completed in 4483 ms
2021-03-16 17:27:43.298  WARN 5656 --- [localhost-startStop-1] c.n.c.sources.URLConfigurationSource     : No URLs will be polled as dynamic configuration sources.
2021-03-16 17:27:43.299  INFO 5656 --- [localhost-startStop-1] c.n.c.sources.URLConfigurationSource     : To enable URLs as dynamic configuration sources, define System property archaius.configurationSource.additionalUrls or make config.properties available on classpath.
2021-03-16 17:27:43.314  INFO 5656 --- [localhost-startStop-1] c.netflix.config.DynamicPropertyFactory  : DynamicPropertyFactory is initialized with configuration sources: com.netflix.config.ConcurrentCompositeConfiguration@6c0ef244
2021-03-16 17:27:47.322  INFO 5656 --- [localhost-startStop-1] o.s.b.w.servlet.ServletRegistrationBean  : Servlet dispatcherServlet mapped to [/]
2021-03-16 17:27:47.334  INFO 5656 --- [localhost-startStop-1] o.s.b.w.servlet.FilterRegistrationBean   : Mapping filter: 'characterEncodingFilter' to: [/*]
2021-03-16 17:27:47.334  INFO 5656 --- [localhost-startStop-1] o.s.b.w.servlet.FilterRegistrationBean   : Mapping filter: 'hiddenHttpMethodFilter' to: [/*]
2021-03-16 17:27:47.334  INFO 5656 --- [localhost-startStop-1] o.s.b.w.servlet.FilterRegistrationBean   : Mapping filter: 'httpPutFormContentFilter' to: [/*]
2021-03-16 17:27:47.334  INFO 5656 --- [localhost-startStop-1] o.s.b.w.servlet.FilterRegistrationBean   : Mapping filter: 'requestContextFilter' to: [/*]
2021-03-16 17:27:47.335  INFO 5656 --- [localhost-startStop-1] o.s.b.w.servlet.FilterRegistrationBean   : Mapping filter: 'httpTraceFilter' to: [/*]
2021-03-16 17:27:47.335  INFO 5656 --- [localhost-startStop-1] o.s.b.w.servlet.FilterRegistrationBean   : Mapping filter: 'webMvcMetricsFilter' to: [/*]
2021-03-16 17:27:47.612  INFO 5656 --- [main] com.zaxxer.hikari.HikariDataSource       : HikariPool-1 - Starting...
2021-03-16 17:27:48.688  INFO 5656 --- [main] com.zaxxer.hikari.HikariDataSource       : HikariPool-1 - Start completed.
2021-03-16 17:27:50.103  INFO 5656 --- [main] j.LocalContainerEntityManagerFactoryBean : Building JPA container EntityManagerFactory for persistence unit 'default'
2021-03-16 17:27:50.151  INFO 5656 --- [main] o.hibernate.jpa.internal.util.LogHelper  : HHH000204: Processing PersistenceUnitInfo [
	name: default
	...]
2021-03-16 17:27:50.325  INFO 5656 --- [main] org.hibernate.Version                    : HHH000412: Hibernate Core {5.2.17.Final}
2021-03-16 17:27:50.457  INFO 5656 --- [main] org.hibernate.cfg.Environment            : HHH000206: hibernate.properties not found
2021-03-16 17:27:50.530  INFO 5656 --- [main] o.hibernate.annotations.common.Version   : HCANN000001: Hibernate Commons Annotations {5.0.1.Final}
2021-03-16 17:27:51.475  INFO 5656 --- [main] org.hibernate.dialect.Dialect            : HHH000400: Using dialect: org.hibernate.dialect.Oracle12cDialect
2021-03-16 17:27:51.895  INFO 5656 --- [main] org.hibernate.type.BasicTypeRegistry     : HHH000270: Type registration [byte[]] overrides previous : org.hibernate.type.BinaryType@407b8435
2021-03-16 17:27:51.895  INFO 5656 --- [main] org.hibernate.type.BasicTypeRegistry     : HHH000270: Type registration [[B] overrides previous : org.hibernate.type.BinaryType@407b8435
2021-03-16 17:27:51.896  INFO 5656 --- [main] org.hibernate.type.BasicTypeRegistry     : HHH000270: Type registration [Byte[]] overrides previous : org.hibernate.type.WrapperBinaryType@1d91fa02
2021-03-16 17:27:51.896  INFO 5656 --- [main] org.hibernate.type.BasicTypeRegistry     : HHH000270: Type registration [[Ljava.lang.Byte;] overrides previous : org.hibernate.type.WrapperBinaryType@1d91fa02
2021-03-16 17:27:54.455  INFO 5656 --- [main] org.hibernate.tuple.PojoInstantiator     : HHH000182: No default (no-argument) constructor for class: vn.viettel.core.db.entity.Address (class must be instantiated by Interceptor)
2021-03-16 17:27:58.128  INFO 5656 --- [main] j.LocalContainerEntityManagerFactoryBean : Initialized JPA EntityManagerFactory for persistence unit 'default'
2021-03-16 17:27:59.547  INFO 5656 --- [main] s.c.a.AnnotationConfigApplicationContext : Refreshing FeignContext-authorization-service: startup date [Tue Mar 16 17:27:59 ICT 2021]; parent: org.springframework.boot.web.servlet.context.AnnotationConfigServletWebServerApplicationContext@5911e990
2021-03-16 17:27:59.567  INFO 5656 --- [main] f.a.AutowiredAnnotationBeanPostProcessor : JSR-330 'javax.inject.Inject' annotation found and supported for autowiring
2021-03-16 17:28:00.266  WARN 5656 --- [main] c.n.c.sources.URLConfigurationSource     : No URLs will be polled as dynamic configuration sources.
2021-03-16 17:28:00.266  INFO 5656 --- [main] c.n.c.sources.URLConfigurationSource     : To enable URLs as dynamic configuration sources, define System property archaius.configurationSource.additionalUrls or make config.properties available on classpath.
2021-03-16 17:28:00.488  INFO 5656 --- [main] o.s.w.s.handler.SimpleUrlHandlerMapping  : Mapped URL path [/**/favicon.ico] onto handler of type [class org.springframework.web.servlet.resource.ResourceHttpRequestHandler]
2021-03-16 17:28:01.006  INFO 5656 --- [main] s.w.s.m.m.a.RequestMappingHandlerAdapter : Looking for @ControllerAdvice: org.springframework.boot.web.servlet.context.AnnotationConfigServletWebServerApplicationContext@5911e990: startup date [Tue Mar 16 17:27:38 ICT 2021]; parent: org.springframework.context.annotation.AnnotationConfigApplicationContext@776b83cc
2021-03-16 17:28:01.028  INFO 5656 --- [main] s.w.s.m.m.a.RequestMappingHandlerAdapter : Detected ResponseBodyAdvice bean in encodeResponseAdvice
2021-03-16 17:28:01.028  INFO 5656 --- [main] s.w.s.m.m.a.RequestMappingHandlerAdapter : Detected ResponseBodyAdvice bean in restAdvice
2021-03-16 17:28:01.071  WARN 5656 --- [main] aWebConfiguration$JpaWebMvcConfiguration : spring.jpa.open-in-view is enabled by default. Therefore, database queries may be performed during view rendering. Explicitly configure spring.jpa.open-in-view to disable this warning
2021-03-16 17:28:01.135  INFO 5656 --- [main] s.w.s.m.m.a.RequestMappingHandlerMapping : Mapped "{[/api/token/feignGenerateContinueToken],methods=[POST],produces=[application/json;charset=UTF-8]}" onto public java.lang.String vn.viettel.authorization.controller.TokenController.generateContinueToken(io.jsonwebtoken.impl.DefaultClaims)
2021-03-16 17:28:01.136  INFO 5656 --- [main] s.w.s.m.m.a.RequestMappingHandlerMapping : Mapped "{[/api/token/feignGetBlackListToken],methods=[GET]}" onto public boolean vn.viettel.authorization.controller.TokenController.getBlackListToken(java.lang.String)
2021-03-16 17:28:01.137  INFO 5656 --- [main] s.w.s.m.m.a.RequestMappingHandlerMapping : Mapped "{[/api/token/feignSave],methods=[GET]}" onto public void vn.viettel.authorization.controller.TokenController.storeToken(java.lang.String)
2021-03-16 17:28:01.141  INFO 5656 --- [main] s.w.s.m.m.a.RequestMappingHandlerMapping : Mapped "{[/api/user/preLogin],methods=[POST]}" onto public vn.viettel.core.messaging.Response<vn.viettel.authorization.service.dto.LoginResponse> vn.viettel.authorization.controller.UserAuthenticateController.preLogin(vn.viettel.authorization.service.dto.LoginRequest)
2021-03-16 17:28:01.142  INFO 5656 --- [main] s.w.s.m.m.a.RequestMappingHandlerMapping : Mapped "{[/api/user/login/{roleId}],methods=[POST]}" onto public vn.viettel.core.messaging.Response<vn.viettel.authorization.service.dto.LoginResponse> vn.viettel.authorization.controller.UserAuthenticateController.userLogin(vn.viettel.authorization.service.dto.LoginRequest,long)
2021-03-16 17:28:01.142  INFO 5656 --- [main] s.w.s.m.m.a.RequestMappingHandlerMapping : Mapped "{[/api/user/findById/{id}],methods=[GET]}" onto public vn.viettel.core.db.entity.User vn.viettel.authorization.controller.UserAuthenticateController.getUserById(long)
2021-03-16 17:28:01.143  INFO 5656 --- [main] s.w.s.m.m.a.RequestMappingHandlerMapping : Mapped "{[/api/user/change-password],methods=[PUT]}" onto public vn.viettel.core.messaging.Response<java.lang.String> vn.viettel.authorization.controller.UserAuthenticateController.changePassword(vn.viettel.authorization.service.dto.ChangePasswordRequest)
2021-03-16 17:28:01.148  INFO 5656 --- [main] s.w.s.m.m.a.RequestMappingHandlerMapping : Mapped "{[/error]}" onto public org.springframework.http.ResponseEntity<java.util.Map<java.lang.String, java.lang.Object>> org.springframework.boot.autoconfigure.web.servlet.error.BasicErrorController.error(javax.servlet.http.HttpServletRequest)
2021-03-16 17:28:01.148  INFO 5656 --- [main] s.w.s.m.m.a.RequestMappingHandlerMapping : Mapped "{[/error],produces=[text/html]}" onto public org.springframework.web.servlet.ModelAndView org.springframework.boot.autoconfigure.web.servlet.error.BasicErrorController.errorHtml(javax.servlet.http.HttpServletRequest,javax.servlet.http.HttpServletResponse)
2021-03-16 17:28:01.198  INFO 5656 --- [main] s.w.s.m.m.a.RequestMappingHandlerMapping : Mapped "{[/v3/api-docs.yaml],methods=[GET],produces=[application/vnd.oai.openapi]}" onto public java.lang.String org.springdoc.webmvc.api.OpenApiWebMvcResource.openapiYaml(javax.servlet.http.HttpServletRequest,java.lang.String) throws com.fasterxml.jackson.core.JsonProcessingException
2021-03-16 17:28:01.199  INFO 5656 --- [main] s.w.s.m.m.a.RequestMappingHandlerMapping : Mapped "{[/v3/api-docs],methods=[GET],produces=[application/json]}" onto public java.lang.String org.springdoc.webmvc.api.OpenApiWebMvcResource.openapiJson(javax.servlet.http.HttpServletRequest,java.lang.String) throws com.fasterxml.jackson.core.JsonProcessingException
2021-03-16 17:28:01.202  INFO 5656 --- [main] s.w.s.m.m.a.RequestMappingHandlerMapping : Mapped "{[/v3/api-docs/swagger-config],methods=[GET],produces=[application/json]}" onto public java.util.Map<java.lang.String, java.lang.Object> org.springdoc.webmvc.ui.SwaggerWelcomeWebMvc.openapiJson(javax.servlet.http.HttpServletRequest)
2021-03-16 17:28:01.203  INFO 5656 --- [main] s.w.s.m.m.a.RequestMappingHandlerMapping : Mapped "{[/swagger-ui.html],methods=[GET]}" onto public java.lang.String org.springdoc.webmvc.ui.SwaggerWelcomeWebMvc.redirectToUi(javax.servlet.http.HttpServletRequest)
2021-03-16 17:28:01.702  INFO 5656 --- [main] o.s.w.s.handler.SimpleUrlHandlerMapping  : Mapped URL path [/webjars/**] onto handler of type [class org.springframework.web.servlet.resource.ResourceHttpRequestHandler]
2021-03-16 17:28:01.702  INFO 5656 --- [main] o.s.w.s.handler.SimpleUrlHandlerMapping  : Mapped URL path [/**] onto handler of type [class org.springframework.web.servlet.resource.ResourceHttpRequestHandler]
2021-03-16 17:28:01.702  INFO 5656 --- [main] o.s.w.s.handler.SimpleUrlHandlerMapping  : Mapped URL path [/**/swagger-ui/**] onto handler of type [class org.springframework.web.servlet.resource.ResourceHttpRequestHandler]
2021-03-16 17:28:01.760  INFO 5656 --- [main] .m.m.a.ExceptionHandlerExceptionResolver : Detected @ExceptionHandler methods in userAuthenticateController
2021-03-16 17:28:01.761  INFO 5656 --- [main] .m.m.a.ExceptionHandlerExceptionResolver : Detected @ExceptionHandler methods in handlerException
2021-03-16 17:28:01.761  INFO 5656 --- [main] .m.m.a.ExceptionHandlerExceptionResolver : Detected ResponseBodyAdvice implementation in encodeResponseAdvice
2021-03-16 17:28:01.761  INFO 5656 --- [main] .m.m.a.ExceptionHandlerExceptionResolver : Detected ResponseBodyAdvice implementation in restAdvice
2021-03-16 17:28:01.761  INFO 5656 --- [main] .m.m.a.ExceptionHandlerExceptionResolver : Detected @ExceptionHandler methods in org.springdoc.core.SpringDocConfiguration$OpenApiResourceAdvice
2021-03-16 17:28:03.874  INFO 5656 --- [main] o.s.s.c.ThreadPoolTaskScheduler          : Initializing ExecutorService  'taskScheduler'
2021-03-16 17:28:04.686  INFO 5656 --- [main] o.s.b.a.e.web.EndpointLinksResolver      : Exposing 3 endpoint(s) beneath base path '/actuator'
2021-03-16 17:28:04.712  INFO 5656 --- [main] s.b.a.e.w.s.WebMvcEndpointHandlerMapping : Mapped "{[/actuator/health],methods=[GET],produces=[application/vnd.spring-boot.actuator.v2+json || application/json]}" onto public java.lang.Object org.springframework.boot.actuate.endpoint.web.servlet.AbstractWebMvcEndpointHandlerMapping$OperationHandler.handle(javax.servlet.http.HttpServletRequest,java.util.Map<java.lang.String, java.lang.String>)
2021-03-16 17:28:04.714  INFO 5656 --- [main] s.b.a.e.w.s.WebMvcEndpointHandlerMapping : Mapped "{[/actuator/info],methods=[GET],produces=[application/vnd.spring-boot.actuator.v2+json || application/json]}" onto public java.lang.Object org.springframework.boot.actuate.endpoint.web.servlet.AbstractWebMvcEndpointHandlerMapping$OperationHandler.handle(javax.servlet.http.HttpServletRequest,java.util.Map<java.lang.String, java.lang.String>)
2021-03-16 17:28:04.715  INFO 5656 --- [main] s.b.a.e.w.s.WebMvcEndpointHandlerMapping : Mapped "{[/actuator/refresh],methods=[POST],produces=[application/vnd.spring-boot.actuator.v2+json || application/json]}" onto public java.lang.Object org.springframework.boot.actuate.endpoint.web.servlet.AbstractWebMvcEndpointHandlerMapping$OperationHandler.handle(javax.servlet.http.HttpServletRequest,java.util.Map<java.lang.String, java.lang.String>)
2021-03-16 17:28:04.716  INFO 5656 --- [main] s.b.a.e.w.s.WebMvcEndpointHandlerMapping : Mapped "{[/actuator],methods=[GET],produces=[application/vnd.spring-boot.actuator.v2+json || application/json]}" onto protected java.util.Map<java.lang.String, java.util.Map<java.lang.String, org.springframework.boot.actuate.endpoint.web.Link>> org.springframework.boot.actuate.endpoint.web.servlet.WebMvcEndpointHandlerMapping.links(javax.servlet.http.HttpServletRequest,javax.servlet.http.HttpServletResponse)
2021-03-16 17:28:04.926  INFO 5656 --- [main] o.s.j.e.a.AnnotationMBeanExporter        : Registering beans for JMX exposure on startup
2021-03-16 17:28:04.928  INFO 5656 --- [main] o.s.j.e.a.AnnotationMBeanExporter        : Bean with name 'dataSource' has been autodetected for JMX exposure
2021-03-16 17:28:04.936  INFO 5656 --- [main] o.s.j.e.a.AnnotationMBeanExporter        : Bean with name 'environmentManager' has been autodetected for JMX exposure
2021-03-16 17:28:04.936  INFO 5656 --- [main] o.s.j.e.a.AnnotationMBeanExporter        : Bean with name 'refreshScope' has been autodetected for JMX exposure
2021-03-16 17:28:04.938  INFO 5656 --- [main] o.s.j.e.a.AnnotationMBeanExporter        : Bean with name 'configurationPropertiesRebinder' has been autodetected for JMX exposure
2021-03-16 17:28:04.942  INFO 5656 --- [main] o.s.j.e.a.AnnotationMBeanExporter        : Located managed bean 'environmentManager': registering with JMX server as MBean [org.springframework.cloud.context.environment:name=environmentManager,type=EnvironmentManager]
2021-03-16 17:28:04.953  INFO 5656 --- [main] o.s.j.e.a.AnnotationMBeanExporter        : Located managed bean 'refreshScope': registering with JMX server as MBean [org.springframework.cloud.context.scope.refresh:name=refreshScope,type=RefreshScope]
2021-03-16 17:28:04.965  INFO 5656 --- [main] o.s.j.e.a.AnnotationMBeanExporter        : Located managed bean 'configurationPropertiesRebinder': registering with JMX server as MBean [org.springframework.cloud.context.properties:name=configurationPropertiesRebinder,context=5911e990,type=ConfigurationPropertiesRebinder]
2021-03-16 17:28:04.973  INFO 5656 --- [main] o.s.j.e.a.AnnotationMBeanExporter        : Located MBean 'dataSource': registering with JMX server as MBean [com.zaxxer.hikari:name=dataSource,type=HikariDataSource]
2021-03-16 17:28:04.996  INFO 5656 --- [main] o.s.c.support.DefaultLifecycleProcessor  : Starting beans in phase 0
2021-03-16 17:28:05.003  INFO 5656 --- [main] o.s.c.n.eureka.InstanceInfoFactory       : Setting initial instance status as: STARTING
2021-03-16 17:28:05.052  INFO 5656 --- [main] com.netflix.discovery.DiscoveryClient    : Initializing Eureka in region us-east-1
2021-03-16 17:28:05.702  INFO 5656 --- [main] c.n.d.provider.DiscoveryJerseyProvider   : Using JSON encoding codec LegacyJacksonJson
2021-03-16 17:28:05.702  INFO 5656 --- [main] c.n.d.provider.DiscoveryJerseyProvider   : Using JSON decoding codec LegacyJacksonJson
2021-03-16 17:28:06.131  INFO 5656 --- [main] c.n.d.provider.DiscoveryJerseyProvider   : Using XML encoding codec XStreamXml
2021-03-16 17:28:06.132  INFO 5656 --- [main] c.n.d.provider.DiscoveryJerseyProvider   : Using XML decoding codec XStreamXml
2021-03-16 17:28:06.538  INFO 5656 --- [main] c.n.d.s.r.aws.ConfigClusterResolver      : Resolving eureka endpoints via configuration
2021-03-16 17:28:06.758  INFO 5656 --- [main] com.netflix.discovery.DiscoveryClient    : Disable delta property : false
2021-03-16 17:28:06.758  INFO 5656 --- [main] com.netflix.discovery.DiscoveryClient    : Single vip registry refresh property : null
2021-03-16 17:28:06.758  INFO 5656 --- [main] com.netflix.discovery.DiscoveryClient    : Force full registry fetch : false
2021-03-16 17:28:06.758  INFO 5656 --- [main] com.netflix.discovery.DiscoveryClient    : Application is null : false
2021-03-16 17:28:06.758  INFO 5656 --- [main] com.netflix.discovery.DiscoveryClient    : Registered Applications size is zero : true
2021-03-16 17:28:06.758  INFO 5656 --- [main] com.netflix.discovery.DiscoveryClient    : Application version is -1: true
2021-03-16 17:28:06.758  INFO 5656 --- [main] com.netflix.discovery.DiscoveryClient    : Getting all instance registry info from the eureka server
2021-03-16 17:28:07.457  INFO 5656 --- [main] com.netflix.discovery.DiscoveryClient    : The response status is 200
2021-03-16 17:28:07.460  INFO 5656 --- [main] com.netflix.discovery.DiscoveryClient    : Starting heartbeat executor: renew interval is: 1
2021-03-16 17:28:07.464  INFO 5656 --- [main] c.n.discovery.InstanceInfoReplicator     : InstanceInfoReplicator onDemand update allowed rate per min is 4
2021-03-16 17:28:07.469  INFO 5656 --- [main] com.netflix.discovery.DiscoveryClient    : Discovery Client initialized at timestamp 1615890487468 with initial instances count: 1
2021-03-16 17:28:07.478  INFO 5656 --- [main] o.s.c.n.e.s.EurekaServiceRegistry        : Registering application authorization-service with eureka with status UP
2021-03-16 17:28:07.479  INFO 5656 --- [main] com.netflix.discovery.DiscoveryClient    : Saw local status change event StatusChangeEvent [timestamp=1615890487479, current=UP, previous=STARTING]
2021-03-16 17:28:07.481  INFO 5656 --- [DiscoveryClient-InstanceInfoReplicator-0] com.netflix.discovery.DiscoveryClient    : DiscoveryClient_AUTHORIZATION-SERVICE/HUUNGHIA-PC1:authorization-service:9001: registering service...
2021-03-16 17:28:07.483  INFO 5656 --- [main] o.s.i.endpoint.EventDrivenConsumer       : Adding {logging-channel-adapter:_org.springframework.integration.errorLogger} as a subscriber to the 'errorChannel' channel
2021-03-16 17:28:07.484  INFO 5656 --- [main] o.s.i.channel.PublishSubscribeChannel    : Channel 'application-1.errorChannel' has 1 subscriber(s).
2021-03-16 17:28:07.484  INFO 5656 --- [main] o.s.i.endpoint.EventDrivenConsumer       : started _org.springframework.integration.errorLogger
2021-03-16 17:28:07.722  INFO 5656 --- [main] o.s.b.w.embedded.tomcat.TomcatWebServer  : Tomcat started on port(s): 9001 (http) with context path ''
2021-03-16 17:28:07.724  INFO 5656 --- [main] .s.c.n.e.s.EurekaAutoServiceRegistration : Updating port to 9001
2021-03-16 17:28:07.728  INFO 5656 --- [main] vn.viettel.authorization.Application     : Started Application in 33.574 seconds (JVM running for 34.95)
2021-03-16 17:28:07.738  INFO 5656 --- [DiscoveryClient-InstanceInfoReplicator-0] com.netflix.discovery.DiscoveryClient    : DiscoveryClient_AUTHORIZATION-SERVICE/HUUNGHIA-PC1:authorization-service:9001 - registration status: 204
2021-03-16 17:28:08.098  INFO 5656 --- [RMI TCP Connection(3)-192.168.110.112] c.c.c.ConfigServicePropertySourceLocator : Fetching config from server at : http://localhost:8888
2021-03-16 17:28:08.300  INFO 5656 --- [RMI TCP Connection(5)-192.168.110.112] o.a.c.c.C.[Tomcat].[localhost].[/]       : Initializing Spring FrameworkServlet 'dispatcherServlet'
2021-03-16 17:28:08.301  INFO 5656 --- [RMI TCP Connection(5)-192.168.110.112] o.s.web.servlet.DispatcherServlet        : FrameworkServlet 'dispatcherServlet': initialization started
2021-03-16 17:28:08.327  INFO 5656 --- [RMI TCP Connection(5)-192.168.110.112] o.s.web.servlet.DispatcherServlet        : FrameworkServlet 'dispatcherServlet': initialization completed in 25 ms
2021-03-16 17:28:10.130  INFO 5656 --- [RMI TCP Connection(3)-192.168.110.112] c.c.c.ConfigServicePropertySourceLocator : Connect Timeout Exception on Url - http://localhost:8888. Will be trying the next url if available
2021-03-16 17:28:10.130  WARN 5656 --- [RMI TCP Connection(3)-192.168.110.112] c.c.c.ConfigServicePropertySourceLocator : Could not locate PropertySource: I/O error on GET request for "http://localhost:8888/authorization-service/default": Connection refused: connect; nested exception is java.net.ConnectException: Connection refused: connect
2021-03-16 17:32:14.909  WARN 5656 --- [DiscoveryClient-1] c.netflix.discovery.TimedSupervisorTask  : task supervisor timed out

java.util.concurrent.TimeoutException: null
	at java.util.concurrent.FutureTask.get(FutureTask.java:205) [na:1.8.0_261]
	at com.netflix.discovery.TimedSupervisorTask.run(TimedSupervisorTask.java:64) ~[eureka-client-1.9.2.jar:1.9.2]
	at java.util.concurrent.Executors$RunnableAdapter.call(Executors.java:511) [na:1.8.0_261]
	at java.util.concurrent.FutureTask.run(FutureTask.java:266) [na:1.8.0_261]
	at java.util.concurrent.ScheduledThreadPoolExecutor$ScheduledFutureTask.access$201(ScheduledThreadPoolExecutor.java:180) [na:1.8.0_261]
	at java.util.concurrent.ScheduledThreadPoolExecutor$ScheduledFutureTask.run(ScheduledThreadPoolExecutor.java:293) [na:1.8.0_261]
	at java.util.concurrent.ThreadPoolExecutor.runWorker(ThreadPoolExecutor.java:1149) [na:1.8.0_261]
	at java.util.concurrent.ThreadPoolExecutor$Worker.run(ThreadPoolExecutor.java:624) [na:1.8.0_261]
	at java.lang.Thread.run(Thread.java:748) [na:1.8.0_261]

2021-03-16 17:32:17.930  WARN 5656 --- [DiscoveryClient-1] c.netflix.discovery.TimedSupervisorTask  : task supervisor timed out

java.util.concurrent.TimeoutException: null
	at java.util.concurrent.FutureTask.get(FutureTask.java:205) [na:1.8.0_261]
	at com.netflix.discovery.TimedSupervisorTask.run(TimedSupervisorTask.java:64) ~[eureka-client-1.9.2.jar:1.9.2]
	at java.util.concurrent.Executors$RunnableAdapter.call(Executors.java:511) [na:1.8.0_261]
	at java.util.concurrent.FutureTask.run(FutureTask.java:266) [na:1.8.0_261]
	at java.util.concurrent.ScheduledThreadPoolExecutor$ScheduledFutureTask.access$201(ScheduledThreadPoolExecutor.java:180) [na:1.8.0_261]
	at java.util.concurrent.ScheduledThreadPoolExecutor$ScheduledFutureTask.run(ScheduledThreadPoolExecutor.java:293) [na:1.8.0_261]
	at java.util.concurrent.ThreadPoolExecutor.runWorker(ThreadPoolExecutor.java:1149) [na:1.8.0_261]
	at java.util.concurrent.ThreadPoolExecutor$Worker.run(ThreadPoolExecutor.java:624) [na:1.8.0_261]
	at java.lang.Thread.run(Thread.java:748) [na:1.8.0_261]

2021-03-16 17:32:21.934  WARN 5656 --- [DiscoveryClient-1] c.netflix.discovery.TimedSupervisorTask  : task supervisor rejected the task

java.util.concurrent.RejectedExecutionException: Task java.util.concurrent.FutureTask@718a24cd rejected from java.util.concurrent.ThreadPoolExecutor@6e19ebc1[Running, pool size = 2, active threads = 2, queued tasks = 0, completed tasks = 239]
	at java.util.concurrent.ThreadPoolExecutor$AbortPolicy.rejectedExecution(ThreadPoolExecutor.java:2063) ~[na:1.8.0_261]
	at java.util.concurrent.ThreadPoolExecutor.reject(ThreadPoolExecutor.java:830) [na:1.8.0_261]
	at java.util.concurrent.ThreadPoolExecutor.execute(ThreadPoolExecutor.java:1379) [na:1.8.0_261]
	at java.util.concurrent.AbstractExecutorService.submit(AbstractExecutorService.java:112) ~[na:1.8.0_261]
	at com.netflix.discovery.TimedSupervisorTask.run(TimedSupervisorTask.java:62) ~[eureka-client-1.9.2.jar:1.9.2]
	at java.util.concurrent.Executors$RunnableAdapter.call(Executors.java:511) [na:1.8.0_261]
	at java.util.concurrent.FutureTask.run(FutureTask.java:266) [na:1.8.0_261]
	at java.util.concurrent.ScheduledThreadPoolExecutor$ScheduledFutureTask.access$201(ScheduledThreadPoolExecutor.java:180) [na:1.8.0_261]
	at java.util.concurrent.ScheduledThreadPoolExecutor$ScheduledFutureTask.run(ScheduledThreadPoolExecutor.java:293) [na:1.8.0_261]
	at java.util.concurrent.ThreadPoolExecutor.runWorker(ThreadPoolExecutor.java:1149) [na:1.8.0_261]
	at java.util.concurrent.ThreadPoolExecutor$Worker.run(ThreadPoolExecutor.java:624) [na:1.8.0_261]
	at java.lang.Thread.run(Thread.java:748) [na:1.8.0_261]

2021-03-16 17:32:21.900 ERROR 5656 --- [DiscoveryClient-HeartbeatExecutor-0] c.n.d.s.t.d.RedirectingEurekaHttpClient  : Request execution error

com.sun.jersey.api.client.ClientHandlerException: java.net.SocketTimeoutException: Read timed out
	at com.sun.jersey.client.apache4.ApacheHttpClient4Handler.handle(ApacheHttpClient4Handler.java:187) ~[jersey-apache-client4-1.19.1.jar:1.19.1]
	at com.sun.jersey.api.client.filter.GZIPContentEncodingFilter.handle(GZIPContentEncodingFilter.java:123) ~[jersey-client-1.19.1.jar:1.19.1]
	at com.netflix.discovery.EurekaIdentityHeaderFilter.handle(EurekaIdentityHeaderFilter.java:27) ~[eureka-client-1.9.2.jar:1.9.2]
	at com.sun.jersey.api.client.Client.handle(Client.java:652) ~[jersey-client-1.19.1.jar:1.19.1]
	at com.sun.jersey.api.client.WebResource.handle(WebResource.java:682) ~[jersey-client-1.19.1.jar:1.19.1]
	at com.sun.jersey.api.client.WebResource.access$200(WebResource.java:74) ~[jersey-client-1.19.1.jar:1.19.1]
	at com.sun.jersey.api.client.WebResource$Builder.put(WebResource.java:529) ~[jersey-client-1.19.1.jar:1.19.1]
	at com.netflix.discovery.shared.transport.jersey.AbstractJerseyEurekaHttpClient.sendHeartBeat(AbstractJerseyEurekaHttpClient.java:102) ~[eureka-client-1.9.2.jar:1.9.2]
	at com.netflix.discovery.shared.transport.decorator.EurekaHttpClientDecorator$3.execute(EurekaHttpClientDecorator.java:92) [eureka-client-1.9.2.jar:1.9.2]
	at com.netflix.discovery.shared.transport.decorator.MetricsCollectingEurekaHttpClient.execute(MetricsCollectingEurekaHttpClient.java:73) ~[eureka-client-1.9.2.jar:1.9.2]
	at com.netflix.discovery.shared.transport.decorator.EurekaHttpClientDecorator.sendHeartBeat(EurekaHttpClientDecorator.java:89) [eureka-client-1.9.2.jar:1.9.2]
	at com.netflix.discovery.shared.transport.decorator.EurekaHttpClientDecorator$3.execute(EurekaHttpClientDecorator.java:92) [eureka-client-1.9.2.jar:1.9.2]
	at com.netflix.discovery.shared.transport.decorator.RedirectingEurekaHttpClient.execute(RedirectingEurekaHttpClient.java:89) ~[eureka-client-1.9.2.jar:1.9.2]
	at com.netflix.discovery.shared.transport.decorator.EurekaHttpClientDecorator.sendHeartBeat(EurekaHttpClientDecorator.java:89) [eureka-client-1.9.2.jar:1.9.2]
	at com.netflix.discovery.shared.transport.decorator.EurekaHttpClientDecorator$3.execute(EurekaHttpClientDecorator.java:92) [eureka-client-1.9.2.jar:1.9.2]
	at com.netflix.discovery.shared.transport.decorator.RetryableEurekaHttpClient.execute(RetryableEurekaHttpClient.java:120) [eureka-client-1.9.2.jar:1.9.2]
	at com.netflix.discovery.shared.transport.decorator.EurekaHttpClientDecorator.sendHeartBeat(EurekaHttpClientDecorator.java:89) [eureka-client-1.9.2.jar:1.9.2]
	at com.netflix.discovery.shared.transport.decorator.EurekaHttpClientDecorator$3.execute(EurekaHttpClientDecorator.java:92) [eureka-client-1.9.2.jar:1.9.2]
	at com.netflix.discovery.shared.transport.decorator.SessionedEurekaHttpClient.execute(SessionedEurekaHttpClient.java:77) [eureka-client-1.9.2.jar:1.9.2]
	at com.netflix.discovery.shared.transport.decorator.EurekaHttpClientDecorator.sendHeartBeat(EurekaHttpClientDecorator.java:89) [eureka-client-1.9.2.jar:1.9.2]
	at com.netflix.discovery.DiscoveryClient.renew(DiscoveryClient.java:846) [eureka-client-1.9.2.jar:1.9.2]
	at com.netflix.discovery.DiscoveryClient$HeartbeatThread.run(DiscoveryClient.java:1399) [eureka-client-1.9.2.jar:1.9.2]
	at java.util.concurrent.Executors$RunnableAdapter.call(Executors.java:511) [na:1.8.0_261]
	at java.util.concurrent.FutureTask.run(FutureTask.java:266) [na:1.8.0_261]
	at java.util.concurrent.ThreadPoolExecutor.runWorker(ThreadPoolExecutor.java:1149) [na:1.8.0_261]
	at java.util.concurrent.ThreadPoolExecutor$Worker.run(ThreadPoolExecutor.java:624) [na:1.8.0_261]
	at java.lang.Thread.run(Thread.java:748) [na:1.8.0_261]
Caused by: java.net.SocketTimeoutException: Read timed out
	at java.net.SocketInputStream.socketRead0(Native Method) ~[na:1.8.0_261]
	at java.net.SocketInputStream.socketRead(SocketInputStream.java:116) ~[na:1.8.0_261]
	at java.net.SocketInputStream.read(SocketInputStream.java:171) ~[na:1.8.0_261]
	at java.net.SocketInputStream.read(SocketInputStream.java:141) ~[na:1.8.0_261]
	at org.apache.http.impl.io.AbstractSessionInputBuffer.fillBuffer(AbstractSessionInputBuffer.java:161) ~[httpcore-4.4.9.jar:4.4.9]
	at org.apache.http.impl.io.SocketInputBuffer.fillBuffer(SocketInputBuffer.java:82) ~[httpcore-4.4.9.jar:4.4.9]
	at org.apache.http.impl.io.AbstractSessionInputBuffer.readLine(AbstractSessionInputBuffer.java:278) ~[httpcore-4.4.9.jar:4.4.9]
	at org.apache.http.impl.conn.DefaultHttpResponseParser.parseHead(DefaultHttpResponseParser.java:138) ~[httpclient-4.5.5.jar:4.5.5]
	at org.apache.http.impl.conn.DefaultHttpResponseParser.parseHead(DefaultHttpResponseParser.java:56) ~[httpclient-4.5.5.jar:4.5.5]
	at org.apache.http.impl.io.AbstractMessageParser.parse(AbstractMessageParser.java:259) ~[httpcore-4.4.9.jar:4.4.9]
	at org.apache.http.impl.AbstractHttpClientConnection.receiveResponseHeader(AbstractHttpClientConnection.java:286) ~[httpcore-4.4.9.jar:4.4.9]
	at org.apache.http.impl.conn.DefaultClientConnection.receiveResponseHeader(DefaultClientConnection.java:257) ~[httpclient-4.5.5.jar:4.5.5]
	at org.apache.http.impl.conn.AbstractClientConnAdapter.receiveResponseHeader(AbstractClientConnAdapter.java:230) ~[httpclient-4.5.5.jar:4.5.5]
	at org.apache.http.protocol.HttpRequestExecutor.doReceiveResponse(HttpRequestExecutor.java:273) ~[httpcore-4.4.9.jar:4.4.9]
	at org.apache.http.protocol.HttpRequestExecutor.execute(HttpRequestExecutor.java:125) ~[httpcore-4.4.9.jar:4.4.9]
	at org.apache.http.impl.client.DefaultRequestDirector.tryExecute(DefaultRequestDirector.java:684) ~[httpclient-4.5.5.jar:4.5.5]
	at org.apache.http.impl.client.DefaultRequestDirector.execute(DefaultRequestDirector.java:486) ~[httpclient-4.5.5.jar:4.5.5]
	at org.apache.http.impl.client.AbstractHttpClient.doExecute(AbstractHttpClient.java:835) ~[httpclient-4.5.5.jar:4.5.5]
	at org.apache.http.impl.client.CloseableHttpClient.execute(CloseableHttpClient.java:118) ~[httpclient-4.5.5.jar:4.5.5]
	at org.apache.http.impl.client.CloseableHttpClient.execute(CloseableHttpClient.java:56) ~[httpclient-4.5.5.jar:4.5.5]
	at com.sun.jersey.client.apache4.ApacheHttpClient4Handler.handle(ApacheHttpClient4Handler.java:173) ~[jersey-apache-client4-1.19.1.jar:1.19.1]
	... 26 common frames omitted

2021-03-16 17:32:50.598  WARN 5656 --- [DiscoveryClient-HeartbeatExecutor-0] c.n.d.s.t.d.RetryableEurekaHttpClient    : Request execution failed with message: java.net.SocketTimeoutException: Read timed out
2021-03-16 17:32:50.609  INFO 5656 --- [DiscoveryClient-HeartbeatExecutor-0] c.n.d.s.t.d.RetryableEurekaHttpClient    : Request execution succeeded on retry #1
2021-03-16 17:33:06.761  INFO 5656 --- [AsyncResolver-bootstrap-executor-0] c.n.d.s.r.aws.ConfigClusterResolver      : Resolving eureka endpoints via configuration
2021-03-16 17:38:06.764  INFO 5656 --- [AsyncResolver-bootstrap-executor-0] c.n.d.s.r.aws.ConfigClusterResolver      : Resolving eureka endpoints via configuration
2021-03-29 14:15:59.578  INFO 7532 --- [main] c.c.c.ConfigServicePropertySourceLocator : Fetching config from server at : http://localhost:8888
2021-03-29 14:16:01.670  INFO 7532 --- [main] c.c.c.ConfigServicePropertySourceLocator : Connect Timeout Exception on Url - http://localhost:8888. Will be trying the next url if available
2021-03-29 14:16:01.671  WARN 7532 --- [main] c.c.c.ConfigServicePropertySourceLocator : Could not locate PropertySource: I/O error on GET request for "http://localhost:8888/authorization-service/default": Connection refused: connect; nested exception is java.net.ConnectException: Connection refused: connect
2021-03-29 14:16:01.672  INFO 7532 --- [main] vn.viettel.authorization.Application     : The following profiles are active: dev
2021-03-29 14:16:01.704  INFO 7532 --- [main] ConfigServletWebServerApplicationContext : Refreshing org.springframework.boot.web.servlet.context.AnnotationConfigServletWebServerApplicationContext@acdb094: startup date [Mon Mar 29 14:16:01 ICT 2021]; parent: org.springframework.context.annotation.AnnotationConfigApplicationContext@2892dae4
2021-03-29 14:16:02.349  INFO 7532 --- [main] o.s.b.f.s.DefaultListableBeanFactory     : Overriding bean definition for bean 'jwtTokenCreate' with a different definition: replacing [Generic bean: class [vn.viettel.authorization.security.JwtTokenCreate]; scope=singleton; abstract=false; lazyInit=false; autowireMode=0; dependencyCheck=0; autowireCandidate=true; primary=false; factoryBeanName=null; factoryMethodName=null; initMethodName=null; destroyMethodName=null; defined in file [C:\Project\Vinamilk-KCH.API\authorization-service\target\classes\vn\viettel\authorization\security\JwtTokenCreate.class]] with [Root bean: class [null]; scope=; abstract=false; lazyInit=false; autowireMode=3; dependencyCheck=0; autowireCandidate=true; primary=false; factoryBeanName=securityConfig; factoryMethodName=jwtTokenCreate; initMethodName=null; destroyMethodName=(inferred); defined in class path resource [vn/viettel/authorization/config/SecurityConfig.class]]
2021-03-29 14:16:02.350  INFO 7532 --- [main] o.s.b.f.s.DefaultListableBeanFactory     : Overriding bean definition for bean 'jwtTokenValidate' with a different definition: replacing [Generic bean: class [vn.viettel.core.security.JwtTokenValidate]; scope=singleton; abstract=false; lazyInit=false; autowireMode=0; dependencyCheck=0; autowireCandidate=true; primary=false; factoryBeanName=null; factoryMethodName=null; initMethodName=null; destroyMethodName=null; defined in file [C:\Project\Vinamilk-KCH.API\core-entity\target\classes\vn\viettel\core\security\JwtTokenValidate.class]] with [Root bean: class [null]; scope=; abstract=false; lazyInit=false; autowireMode=3; dependencyCheck=0; autowireCandidate=true; primary=false; factoryBeanName=securityConfig; factoryMethodName=jwtTokenValidate; initMethodName=null; destroyMethodName=(inferred); defined in class path resource [vn/viettel/authorization/config/SecurityConfig.class]]
2021-03-29 14:16:02.350  INFO 7532 --- [main] o.s.b.f.s.DefaultListableBeanFactory     : Overriding bean definition for bean 'feignTokenValidate' with a different definition: replacing [Generic bean: class [vn.viettel.core.security.FeignTokenValidate]; scope=singleton; abstract=false; lazyInit=false; autowireMode=0; dependencyCheck=0; autowireCandidate=true; primary=false; factoryBeanName=null; factoryMethodName=null; initMethodName=null; destroyMethodName=null; defined in file [C:\Project\Vinamilk-KCH.API\core-entity\target\classes\vn\viettel\core\security\FeignTokenValidate.class]] with [Root bean: class [null]; scope=; abstract=false; lazyInit=false; autowireMode=3; dependencyCheck=0; autowireCandidate=true; primary=false; factoryBeanName=securityConfig; factoryMethodName=feignTokenValidate; initMethodName=null; destroyMethodName=(inferred); defined in class path resource [vn/viettel/authorization/config/SecurityConfig.class]]
2021-03-29 14:16:02.350  INFO 7532 --- [main] o.s.b.f.s.DefaultListableBeanFactory     : Overriding bean definition for bean 'checkRoleInterceptor' with a different definition: replacing [Generic bean: class [vn.viettel.core.security.interceptor.CheckRoleInterceptor]; scope=singleton; abstract=false; lazyInit=false; autowireMode=0; dependencyCheck=0; autowireCandidate=true; primary=false; factoryBeanName=null; factoryMethodName=null; initMethodName=null; destroyMethodName=null; defined in file [C:\Project\Vinamilk-KCH.API\core-entity\target\classes\vn\viettel\core\security\interceptor\CheckRoleInterceptor.class]] with [Root bean: class [null]; scope=; abstract=false; lazyInit=false; autowireMode=3; dependencyCheck=0; autowireCandidate=true; primary=false; factoryBeanName=securityConfig; factoryMethodName=checkRoleInterceptor; initMethodName=null; destroyMethodName=(inferred); defined in class path resource [vn/viettel/authorization/config/SecurityConfig.class]]
2021-03-29 14:16:02.356  INFO 7532 --- [main] o.s.b.f.s.DefaultListableBeanFactory     : Overriding bean definition for bean 'jwtTokenValidate' with a different definition: replacing [Root bean: class [null]; scope=; abstract=false; lazyInit=false; autowireMode=3; dependencyCheck=0; autowireCandidate=true; primary=false; factoryBeanName=securityConfig; factoryMethodName=jwtTokenValidate; initMethodName=null; destroyMethodName=(inferred); defined in class path resource [vn/viettel/authorization/config/SecurityConfig.class]] with [Root bean: class [null]; scope=; abstract=false; lazyInit=false; autowireMode=3; dependencyCheck=0; autowireCandidate=true; primary=false; factoryBeanName=apiSecurityConfig; factoryMethodName=jwtTokenValidate; initMethodName=null; destroyMethodName=(inferred); defined in class path resource [vn/viettel/core/security/config/ApiSecurityConfig.class]]
2021-03-29 14:16:02.357  INFO 7532 --- [main] o.s.b.f.s.DefaultListableBeanFactory     : Overriding bean definition for bean 'feignTokenValidate' with a different definition: replacing [Root bean: class [null]; scope=; abstract=false; lazyInit=false; autowireMode=3; dependencyCheck=0; autowireCandidate=true; primary=false; factoryBeanName=securityConfig; factoryMethodName=feignTokenValidate; initMethodName=null; destroyMethodName=(inferred); defined in class path resource [vn/viettel/authorization/config/SecurityConfig.class]] with [Root bean: class [null]; scope=; abstract=false; lazyInit=false; autowireMode=3; dependencyCheck=0; autowireCandidate=true; primary=false; factoryBeanName=apiSecurityConfig; factoryMethodName=feignTokenValidate; initMethodName=null; destroyMethodName=(inferred); defined in class path resource [vn/viettel/core/security/config/ApiSecurityConfig.class]]
2021-03-29 14:16:02.357  INFO 7532 --- [main] o.s.b.f.s.DefaultListableBeanFactory     : Overriding bean definition for bean 'checkRoleInterceptor' with a different definition: replacing [Root bean: class [null]; scope=; abstract=false; lazyInit=false; autowireMode=3; dependencyCheck=0; autowireCandidate=true; primary=false; factoryBeanName=securityConfig; factoryMethodName=checkRoleInterceptor; initMethodName=null; destroyMethodName=(inferred); defined in class path resource [vn/viettel/authorization/config/SecurityConfig.class]] with [Root bean: class [null]; scope=; abstract=false; lazyInit=false; autowireMode=3; dependencyCheck=0; autowireCandidate=true; primary=false; factoryBeanName=apiSecurityConfig; factoryMethodName=checkRoleInterceptor; initMethodName=null; destroyMethodName=(inferred); defined in class path resource [vn/viettel/core/security/config/ApiSecurityConfig.class]]
2021-03-29 14:16:02.357  INFO 7532 --- [main] o.s.b.f.s.DefaultListableBeanFactory     : Overriding bean definition for bean 'checkFeatureIsAvailable' with a different definition: replacing [Root bean: class [null]; scope=; abstract=false; lazyInit=false; autowireMode=3; dependencyCheck=0; autowireCandidate=true; primary=false; factoryBeanName=securityConfig; factoryMethodName=checkFeatureIsAvailable; initMethodName=null; destroyMethodName=(inferred); defined in class path resource [vn/viettel/authorization/config/SecurityConfig.class]] with [Root bean: class [null]; scope=; abstract=false; lazyInit=false; autowireMode=3; dependencyCheck=0; autowireCandidate=true; primary=false; factoryBeanName=apiSecurityConfig; factoryMethodName=checkFeatureIsAvailable; initMethodName=null; destroyMethodName=(inferred); defined in class path resource [vn/viettel/core/security/config/ApiSecurityConfig.class]]
2021-03-29 14:16:02.357  INFO 7532 --- [main] o.s.b.f.s.DefaultListableBeanFactory     : Overriding bean definition for bean 'checkTokenExpiredInterceptor' with a different definition: replacing [Root bean: class [null]; scope=; abstract=false; lazyInit=false; autowireMode=3; dependencyCheck=0; autowireCandidate=true; primary=false; factoryBeanName=securityConfig; factoryMethodName=checkTokenExpiredInterceptor; initMethodName=null; destroyMethodName=(inferred); defined in class path resource [vn/viettel/authorization/config/SecurityConfig.class]] with [Root bean: class [null]; scope=; abstract=false; lazyInit=false; autowireMode=3; dependencyCheck=0; autowireCandidate=true; primary=false; factoryBeanName=apiSecurityConfig; factoryMethodName=checkTokenExpiredInterceptor; initMethodName=null; destroyMethodName=(inferred); defined in class path resource [vn/viettel/core/security/config/ApiSecurityConfig.class]]
2021-03-29 14:16:02.357  INFO 7532 --- [main] o.s.b.f.s.DefaultListableBeanFactory     : Overriding bean definition for bean 'scopedTarget.securityContexHolder' with a different definition: replacing [Root bean: class [null]; scope=request; abstract=false; lazyInit=false; autowireMode=3; dependencyCheck=0; autowireCandidate=false; primary=false; factoryBeanName=securityConfig; factoryMethodName=securityContexHolder; initMethodName=null; destroyMethodName=(inferred); defined in class path resource [vn/viettel/authorization/config/SecurityConfig.class]] with [Root bean: class [null]; scope=request; abstract=false; lazyInit=false; autowireMode=3; dependencyCheck=0; autowireCandidate=false; primary=false; factoryBeanName=apiSecurityConfig; factoryMethodName=securityContexHolder; initMethodName=null; destroyMethodName=(inferred); defined in class path resource [vn/viettel/core/security/config/ApiSecurityConfig.class]]
2021-03-29 14:16:02.961  INFO 7532 --- [main] o.s.i.config.IntegrationRegistrar        : No bean named 'integrationHeaderChannelRegistry' has been explicitly defined. Therefore, a default DefaultHeaderChannelRegistry will be created.
2021-03-29 14:16:03.152  INFO 7532 --- [main] o.s.b.f.s.DefaultListableBeanFactory     : Overriding bean definition for bean 'dataSource' with a different definition: replacing [Root bean: class [null]; scope=refresh; abstract=false; lazyInit=false; autowireMode=3; dependencyCheck=0; autowireCandidate=false; primary=false; factoryBeanName=org.springframework.boot.autoconfigure.jdbc.DataSourceConfiguration$Hikari; factoryMethodName=dataSource; initMethodName=null; destroyMethodName=(inferred); defined in class path resource [org/springframework/boot/autoconfigure/jdbc/DataSourceConfiguration$Hikari.class]] with [Root bean: class [org.springframework.aop.scope.ScopedProxyFactoryBean]; scope=; abstract=false; lazyInit=false; autowireMode=0; dependencyCheck=0; autowireCandidate=true; primary=false; factoryBeanName=null; factoryMethodName=null; initMethodName=null; destroyMethodName=null; defined in BeanDefinition defined in class path resource [org/springframework/boot/autoconfigure/jdbc/DataSourceConfiguration$Hikari.class]]
2021-03-29 14:16:03.386  INFO 7532 --- [main] o.s.cloud.context.scope.GenericScope     : BeanFactory id=9d142ed1-ee84-3122-9d26-afcf81d78e22
2021-03-29 14:16:03.417  INFO 7532 --- [main] faultConfiguringBeanFactoryPostProcessor : No bean named 'errorChannel' has been explicitly defined. Therefore, a default PublishSubscribeChannel will be created.
2021-03-29 14:16:03.424  INFO 7532 --- [main] faultConfiguringBeanFactoryPostProcessor : No bean named 'taskScheduler' has been explicitly defined. Therefore, a default ThreadPoolTaskScheduler will be created.
2021-03-29 14:16:03.434  INFO 7532 --- [main] f.a.AutowiredAnnotationBeanPostProcessor : JSR-330 'javax.inject.Inject' annotation found and supported for autowiring
2021-03-29 14:16:03.623  INFO 7532 --- [main] trationDelegate$BeanPostProcessorChecker : Bean 'org.springframework.transaction.annotation.ProxyTransactionManagementConfiguration' of type [org.springframework.transaction.annotation.ProxyTransactionManagementConfiguration$$EnhancerBySpringCGLIB$$b06038f1] is not eligible for getting processed by all BeanPostProcessors (for example: not eligible for auto-proxying)
2021-03-29 14:16:03.683  INFO 7532 --- [main] trationDelegate$BeanPostProcessorChecker : Bean 'org.springframework.integration.config.IntegrationManagementConfiguration' of type [org.springframework.integration.config.IntegrationManagementConfiguration$$EnhancerBySpringCGLIB$$1b51f420] is not eligible for getting processed by all BeanPostProcessors (for example: not eligible for auto-proxying)
2021-03-29 14:16:03.714  INFO 7532 --- [main] trationDelegate$BeanPostProcessorChecker : Bean 'org.springframework.cloud.autoconfigure.ConfigurationPropertiesRebinderAutoConfiguration' of type [org.springframework.cloud.autoconfigure.ConfigurationPropertiesRebinderAutoConfiguration$$EnhancerBySpringCGLIB$$cc7a3bee] is not eligible for getting processed by all BeanPostProcessors (for example: not eligible for auto-proxying)
2021-03-29 14:16:03.731  INFO 7532 --- [main] trationDelegate$BeanPostProcessorChecker : Bean 'org.springframework.integration.dsl.context.IntegrationFlowContext' of type [org.springframework.integration.dsl.context.IntegrationFlowContext] is not eligible for getting processed by all BeanPostProcessors (for example: not eligible for auto-proxying)
2021-03-29 14:16:04.035  INFO 7532 --- [main] o.s.b.w.embedded.tomcat.TomcatWebServer  : Tomcat initialized with port(s): 9001 (http)
2021-03-29 14:16:04.063  INFO 7532 --- [main] o.apache.catalina.core.StandardService   : Starting service [Tomcat]
2021-03-29 14:16:04.063  INFO 7532 --- [main] org.apache.catalina.core.StandardEngine  : Starting Servlet Engine: Apache Tomcat/8.5.31
2021-03-29 14:16:04.068  INFO 7532 --- [localhost-startStop-1] o.a.catalina.core.AprLifecycleListener   : The APR based Apache Tomcat Native library which allows optimal performance in production environments was not found on the java.library.path: [C:\Program Files\Java\jdk1.8.0_202\bin;C:\Windows\Sun\Java\bin;C:\Windows\system32;C:\Windows;C:\Windows\system32;C:\Windows;C:\Windows\System32\Wbem;C:\Windows\System32\WindowsPowerShell\v1.0\;C:\Windows\System32\OpenSSH\;C:\Program Files\java\jdk-12\bin;C:\Program Files\Git\cmd;C:\Program Files\Apache\apache-maven-3.6.3\bin;C:\Program Files\TortoiseGit\bin;C:\Users\thaitt\AppData\Local\Microsoft\WindowsApps;;.]
2021-03-29 14:16:04.150  INFO 7532 --- [localhost-startStop-1] o.a.c.c.C.[Tomcat].[localhost].[/]       : Initializing Spring embedded WebApplicationContext
2021-03-29 14:16:04.150  INFO 7532 --- [localhost-startStop-1] o.s.web.context.ContextLoader            : Root WebApplicationContext: initialization completed in 2446 ms
2021-03-29 14:16:04.491  WARN 7532 --- [localhost-startStop-1] c.n.c.sources.URLConfigurationSource     : No URLs will be polled as dynamic configuration sources.
2021-03-29 14:16:04.492  INFO 7532 --- [localhost-startStop-1] c.n.c.sources.URLConfigurationSource     : To enable URLs as dynamic configuration sources, define System property archaius.configurationSource.additionalUrls or make config.properties available on classpath.
2021-03-29 14:16:04.505  INFO 7532 --- [localhost-startStop-1] c.netflix.config.DynamicPropertyFactory  : DynamicPropertyFactory is initialized with configuration sources: com.netflix.config.ConcurrentCompositeConfiguration@205f95a4
2021-03-29 14:16:06.394  INFO 7532 --- [localhost-startStop-1] o.s.b.w.servlet.ServletRegistrationBean  : Servlet dispatcherServlet mapped to [/]
2021-03-29 14:16:06.399  INFO 7532 --- [localhost-startStop-1] o.s.b.w.servlet.FilterRegistrationBean   : Mapping filter: 'characterEncodingFilter' to: [/*]
2021-03-29 14:16:06.399  INFO 7532 --- [localhost-startStop-1] o.s.b.w.servlet.FilterRegistrationBean   : Mapping filter: 'hiddenHttpMethodFilter' to: [/*]
2021-03-29 14:16:06.399  INFO 7532 --- [localhost-startStop-1] o.s.b.w.servlet.FilterRegistrationBean   : Mapping filter: 'httpPutFormContentFilter' to: [/*]
2021-03-29 14:16:06.399  INFO 7532 --- [localhost-startStop-1] o.s.b.w.servlet.FilterRegistrationBean   : Mapping filter: 'requestContextFilter' to: [/*]
2021-03-29 14:16:06.399  INFO 7532 --- [localhost-startStop-1] o.s.b.w.servlet.FilterRegistrationBean   : Mapping filter: 'httpTraceFilter' to: [/*]
2021-03-29 14:16:06.400  INFO 7532 --- [localhost-startStop-1] o.s.b.w.servlet.FilterRegistrationBean   : Mapping filter: 'webMvcMetricsFilter' to: [/*]
2021-03-29 14:16:06.555  INFO 7532 --- [main] com.zaxxer.hikari.HikariDataSource       : HikariPool-1 - Starting...
2021-03-29 14:16:07.245  INFO 7532 --- [main] com.zaxxer.hikari.HikariDataSource       : HikariPool-1 - Start completed.
2021-03-29 14:16:07.412  INFO 7532 --- [main] j.LocalContainerEntityManagerFactoryBean : Building JPA container EntityManagerFactory for persistence unit 'default'
2021-03-29 14:16:07.430  INFO 7532 --- [main] o.hibernate.jpa.internal.util.LogHelper  : HHH000204: Processing PersistenceUnitInfo [
	name: default
	...]
2021-03-29 14:16:07.550  INFO 7532 --- [main] org.hibernate.Version                    : HHH000412: Hibernate Core {5.2.17.Final}
2021-03-29 14:16:07.553  INFO 7532 --- [main] org.hibernate.cfg.Environment            : HHH000206: hibernate.properties not found
2021-03-29 14:16:07.627  INFO 7532 --- [main] o.hibernate.annotations.common.Version   : HCANN000001: Hibernate Commons Annotations {5.0.1.Final}
2021-03-29 14:16:07.841  INFO 7532 --- [main] org.hibernate.dialect.Dialect            : HHH000400: Using dialect: org.hibernate.dialect.Oracle12cDialect
2021-03-29 14:16:08.134  INFO 7532 --- [main] org.hibernate.type.BasicTypeRegistry     : HHH000270: Type registration [byte[]] overrides previous : org.hibernate.type.BinaryType@45d4421d
2021-03-29 14:16:08.134  INFO 7532 --- [main] org.hibernate.type.BasicTypeRegistry     : HHH000270: Type registration [[B] overrides previous : org.hibernate.type.BinaryType@45d4421d
2021-03-29 14:16:08.135  INFO 7532 --- [main] org.hibernate.type.BasicTypeRegistry     : HHH000270: Type registration [Byte[]] overrides previous : org.hibernate.type.WrapperBinaryType@37314843
2021-03-29 14:16:08.135  INFO 7532 --- [main] org.hibernate.type.BasicTypeRegistry     : HHH000270: Type registration [[Ljava.lang.Byte;] overrides previous : org.hibernate.type.WrapperBinaryType@37314843
2021-03-29 14:16:09.426  INFO 7532 --- [main] j.LocalContainerEntityManagerFactoryBean : Initialized JPA EntityManagerFactory for persistence unit 'default'
2021-03-29 14:16:10.363  INFO 7532 --- [main] s.c.a.AnnotationConfigApplicationContext : Refreshing FeignContext-sale-service: startup date [Mon Mar 29 14:16:10 ICT 2021]; parent: org.springframework.boot.web.servlet.context.AnnotationConfigServletWebServerApplicationContext@acdb094
2021-03-29 14:16:10.380  INFO 7532 --- [main] f.a.AutowiredAnnotationBeanPostProcessor : JSR-330 'javax.inject.Inject' annotation found and supported for autowiring
2021-03-29 14:16:10.952  INFO 7532 --- [main] s.c.a.AnnotationConfigApplicationContext : Refreshing FeignContext-authorization-service: startup date [Mon Mar 29 14:16:10 ICT 2021]; parent: org.springframework.boot.web.servlet.context.AnnotationConfigServletWebServerApplicationContext@acdb094
2021-03-29 14:16:10.966  INFO 7532 --- [main] f.a.AutowiredAnnotationBeanPostProcessor : JSR-330 'javax.inject.Inject' annotation found and supported for autowiring
2021-03-29 14:16:11.124  WARN 7532 --- [main] c.n.c.sources.URLConfigurationSource     : No URLs will be polled as dynamic configuration sources.
2021-03-29 14:16:11.124  INFO 7532 --- [main] c.n.c.sources.URLConfigurationSource     : To enable URLs as dynamic configuration sources, define System property archaius.configurationSource.additionalUrls or make config.properties available on classpath.
2021-03-29 14:16:11.256  INFO 7532 --- [main] o.s.w.s.handler.SimpleUrlHandlerMapping  : Mapped URL path [/**/favicon.ico] onto handler of type [class org.springframework.web.servlet.resource.ResourceHttpRequestHandler]
2021-03-29 14:16:11.524  INFO 7532 --- [main] s.w.s.m.m.a.RequestMappingHandlerAdapter : Looking for @ControllerAdvice: org.springframework.boot.web.servlet.context.AnnotationConfigServletWebServerApplicationContext@acdb094: startup date [Mon Mar 29 14:16:01 ICT 2021]; parent: org.springframework.context.annotation.AnnotationConfigApplicationContext@2892dae4
2021-03-29 14:16:11.537  INFO 7532 --- [main] s.w.s.m.m.a.RequestMappingHandlerAdapter : Detected ResponseBodyAdvice bean in encodeResponseAdvice
2021-03-29 14:16:11.537  INFO 7532 --- [main] s.w.s.m.m.a.RequestMappingHandlerAdapter : Detected ResponseBodyAdvice bean in restAdvice
2021-03-29 14:16:11.570  WARN 7532 --- [main] aWebConfiguration$JpaWebMvcConfiguration : spring.jpa.open-in-view is enabled by default. Therefore, database queries may be performed during view rendering. Explicitly configure spring.jpa.open-in-view to disable this warning
2021-03-29 14:16:11.605  INFO 7532 --- [main] s.w.s.m.m.a.RequestMappingHandlerMapping : Mapped "{[/api/token/feignSave],methods=[GET]}" onto public void vn.viettel.authorization.controller.TokenController.storeToken(java.lang.String)
2021-03-29 14:16:11.606  INFO 7532 --- [main] s.w.s.m.m.a.RequestMappingHandlerMapping : Mapped "{[/api/token/feignGenerateContinueToken],methods=[POST],produces=[application/json;charset=UTF-8]}" onto public java.lang.String vn.viettel.authorization.controller.TokenController.generateContinueToken(io.jsonwebtoken.impl.DefaultClaims)
2021-03-29 14:16:11.607  INFO 7532 --- [main] s.w.s.m.m.a.RequestMappingHandlerMapping : Mapped "{[/api/token/feignGetBlackListToken],methods=[GET]}" onto public boolean vn.viettel.authorization.controller.TokenController.getBlackListToken(java.lang.String)
2021-03-29 14:16:11.609  INFO 7532 --- [main] s.w.s.m.m.a.RequestMappingHandlerMapping : Mapped "{[/api/user/get-shop-by-role/{roleId}],methods=[GET]}" onto public java.util.List<vn.viettel.authorization.service.dto.ShopDTO> vn.viettel.authorization.controller.UserAuthenticateController.getShopByRole(long)
2021-03-29 14:16:11.610  INFO 7532 --- [main] s.w.s.m.m.a.RequestMappingHandlerMapping : Mapped "{[/api/user/findById/{id}],methods=[GET]}" onto public vn.viettel.core.db.entity.authorization.User vn.viettel.authorization.controller.UserAuthenticateController.getUserById(long)
2021-03-29 14:16:11.610  INFO 7532 --- [main] s.w.s.m.m.a.RequestMappingHandlerMapping : Mapped "{[/api/user/preLogin],methods=[POST]}" onto public vn.viettel.core.messaging.Response<vn.viettel.authorization.service.dto.LoginResponse> vn.viettel.authorization.controller.UserAuthenticateController.preLogin(vn.viettel.authorization.service.dto.LoginRequest)
2021-03-29 14:16:11.610  INFO 7532 --- [main] s.w.s.m.m.a.RequestMappingHandlerMapping : Mapped "{[/api/user/login],methods=[POST]}" onto public vn.viettel.core.messaging.Response<vn.viettel.authorization.service.dto.LoginResponse> vn.viettel.authorization.controller.UserAuthenticateController.userLogin(vn.viettel.authorization.service.dto.LoginRequest)
2021-03-29 14:16:11.611  INFO 7532 --- [main] s.w.s.m.m.a.RequestMappingHandlerMapping : Mapped "{[/api/user/change-password],methods=[PUT]}" onto public vn.viettel.core.messaging.Response<java.lang.String> vn.viettel.authorization.controller.UserAuthenticateController.changePassword(vn.viettel.authorization.service.dto.ChangePasswordRequest)
2021-03-29 14:16:11.612  INFO 7532 --- [main] s.w.s.m.m.a.RequestMappingHandlerMapping : Mapped "{[/error]}" onto public org.springframework.http.ResponseEntity<java.util.Map<java.lang.String, java.lang.Object>> org.springframework.boot.autoconfigure.web.servlet.error.BasicErrorController.error(javax.servlet.http.HttpServletRequest)
2021-03-29 14:16:11.613  INFO 7532 --- [main] s.w.s.m.m.a.RequestMappingHandlerMapping : Mapped "{[/error],produces=[text/html]}" onto public org.springframework.web.servlet.ModelAndView org.springframework.boot.autoconfigure.web.servlet.error.BasicErrorController.errorHtml(javax.servlet.http.HttpServletRequest,javax.servlet.http.HttpServletResponse)
2021-03-29 14:16:11.645  INFO 7532 --- [main] s.w.s.m.m.a.RequestMappingHandlerMapping : Mapped "{[/v3/api-docs],methods=[GET],produces=[application/json]}" onto public java.lang.String org.springdoc.webmvc.api.OpenApiWebMvcResource.openapiJson(javax.servlet.http.HttpServletRequest,java.lang.String) throws com.fasterxml.jackson.core.JsonProcessingException
2021-03-29 14:16:11.645  INFO 7532 --- [main] s.w.s.m.m.a.RequestMappingHandlerMapping : Mapped "{[/v3/api-docs.yaml],methods=[GET],produces=[application/vnd.oai.openapi]}" onto public java.lang.String org.springdoc.webmvc.api.OpenApiWebMvcResource.openapiYaml(javax.servlet.http.HttpServletRequest,java.lang.String) throws com.fasterxml.jackson.core.JsonProcessingException
2021-03-29 14:16:11.647  INFO 7532 --- [main] s.w.s.m.m.a.RequestMappingHandlerMapping : Mapped "{[/swagger-ui.html],methods=[GET]}" onto public java.lang.String org.springdoc.webmvc.ui.SwaggerWelcomeWebMvc.redirectToUi(javax.servlet.http.HttpServletRequest)
2021-03-29 14:16:11.647  INFO 7532 --- [main] s.w.s.m.m.a.RequestMappingHandlerMapping : Mapped "{[/v3/api-docs/swagger-config],methods=[GET],produces=[application/json]}" onto public java.util.Map<java.lang.String, java.lang.Object> org.springdoc.webmvc.ui.SwaggerWelcomeWebMvc.openapiJson(javax.servlet.http.HttpServletRequest)
2021-03-29 14:16:11.708  INFO 7532 --- [main] o.s.w.s.handler.SimpleUrlHandlerMapping  : Mapped URL path [/webjars/**] onto handler of type [class org.springframework.web.servlet.resource.ResourceHttpRequestHandler]
2021-03-29 14:16:11.708  INFO 7532 --- [main] o.s.w.s.handler.SimpleUrlHandlerMapping  : Mapped URL path [/**] onto handler of type [class org.springframework.web.servlet.resource.ResourceHttpRequestHandler]
2021-03-29 14:16:11.708  INFO 7532 --- [main] o.s.w.s.handler.SimpleUrlHandlerMapping  : Mapped URL path [/**/swagger-ui/**] onto handler of type [class org.springframework.web.servlet.resource.ResourceHttpRequestHandler]
2021-03-29 14:16:11.733  INFO 7532 --- [main] .m.m.a.ExceptionHandlerExceptionResolver : Detected @ExceptionHandler methods in userAuthenticateController
2021-03-29 14:16:11.734  INFO 7532 --- [main] .m.m.a.ExceptionHandlerExceptionResolver : Detected @ExceptionHandler methods in handlerException
2021-03-29 14:16:11.734  INFO 7532 --- [main] .m.m.a.ExceptionHandlerExceptionResolver : Detected ResponseBodyAdvice implementation in encodeResponseAdvice
2021-03-29 14:16:11.734  INFO 7532 --- [main] .m.m.a.ExceptionHandlerExceptionResolver : Detected ResponseBodyAdvice implementation in restAdvice
2021-03-29 14:16:11.734  INFO 7532 --- [main] .m.m.a.ExceptionHandlerExceptionResolver : Detected @ExceptionHandler methods in org.springdoc.core.SpringDocConfiguration$OpenApiResourceAdvice
2021-03-29 14:16:12.635  INFO 7532 --- [main] o.s.s.c.ThreadPoolTaskScheduler          : Initializing ExecutorService  'taskScheduler'
2021-03-29 14:16:13.015  INFO 7532 --- [main] o.s.b.a.e.web.EndpointLinksResolver      : Exposing 3 endpoint(s) beneath base path '/actuator'
2021-03-29 14:16:13.031  INFO 7532 --- [main] s.b.a.e.w.s.WebMvcEndpointHandlerMapping : Mapped "{[/actuator/health],methods=[GET],produces=[application/vnd.spring-boot.actuator.v2+json || application/json]}" onto public java.lang.Object org.springframework.boot.actuate.endpoint.web.servlet.AbstractWebMvcEndpointHandlerMapping$OperationHandler.handle(javax.servlet.http.HttpServletRequest,java.util.Map<java.lang.String, java.lang.String>)
2021-03-29 14:16:13.033  INFO 7532 --- [main] s.b.a.e.w.s.WebMvcEndpointHandlerMapping : Mapped "{[/actuator/info],methods=[GET],produces=[application/vnd.spring-boot.actuator.v2+json || application/json]}" onto public java.lang.Object org.springframework.boot.actuate.endpoint.web.servlet.AbstractWebMvcEndpointHandlerMapping$OperationHandler.handle(javax.servlet.http.HttpServletRequest,java.util.Map<java.lang.String, java.lang.String>)
2021-03-29 14:16:13.033  INFO 7532 --- [main] s.b.a.e.w.s.WebMvcEndpointHandlerMapping : Mapped "{[/actuator/refresh],methods=[POST],produces=[application/vnd.spring-boot.actuator.v2+json || application/json]}" onto public java.lang.Object org.springframework.boot.actuate.endpoint.web.servlet.AbstractWebMvcEndpointHandlerMapping$OperationHandler.handle(javax.servlet.http.HttpServletRequest,java.util.Map<java.lang.String, java.lang.String>)
2021-03-29 14:16:13.033  INFO 7532 --- [main] s.b.a.e.w.s.WebMvcEndpointHandlerMapping : Mapped "{[/actuator],methods=[GET],produces=[application/vnd.spring-boot.actuator.v2+json || application/json]}" onto protected java.util.Map<java.lang.String, java.util.Map<java.lang.String, org.springframework.boot.actuate.endpoint.web.Link>> org.springframework.boot.actuate.endpoint.web.servlet.WebMvcEndpointHandlerMapping.links(javax.servlet.http.HttpServletRequest,javax.servlet.http.HttpServletResponse)
2021-03-29 14:16:13.211  INFO 7532 --- [main] o.s.j.e.a.AnnotationMBeanExporter        : Registering beans for JMX exposure on startup
2021-03-29 14:16:13.212  INFO 7532 --- [main] o.s.j.e.a.AnnotationMBeanExporter        : Bean with name 'dataSource' has been autodetected for JMX exposure
2021-03-29 14:16:13.221  INFO 7532 --- [main] o.s.j.e.a.AnnotationMBeanExporter        : Bean with name 'environmentManager' has been autodetected for JMX exposure
2021-03-29 14:16:13.223  INFO 7532 --- [main] o.s.j.e.a.AnnotationMBeanExporter        : Bean with name 'refreshScope' has been autodetected for JMX exposure
2021-03-29 14:16:13.225  INFO 7532 --- [main] o.s.j.e.a.AnnotationMBeanExporter        : Bean with name 'configurationPropertiesRebinder' has been autodetected for JMX exposure
2021-03-29 14:16:13.228  INFO 7532 --- [main] o.s.j.e.a.AnnotationMBeanExporter        : Located managed bean 'environmentManager': registering with JMX server as MBean [org.springframework.cloud.context.environment:name=environmentManager,type=EnvironmentManager]
2021-03-29 14:16:13.240  INFO 7532 --- [main] o.s.j.e.a.AnnotationMBeanExporter        : Located managed bean 'refreshScope': registering with JMX server as MBean [org.springframework.cloud.context.scope.refresh:name=refreshScope,type=RefreshScope]
2021-03-29 14:16:13.256  INFO 7532 --- [main] o.s.j.e.a.AnnotationMBeanExporter        : Located managed bean 'configurationPropertiesRebinder': registering with JMX server as MBean [org.springframework.cloud.context.properties:name=configurationPropertiesRebinder,context=acdb094,type=ConfigurationPropertiesRebinder]
2021-03-29 14:16:13.266  INFO 7532 --- [main] o.s.j.e.a.AnnotationMBeanExporter        : Located MBean 'dataSource': registering with JMX server as MBean [com.zaxxer.hikari:name=dataSource,type=HikariDataSource]
2021-03-29 14:16:13.295  INFO 7532 --- [main] o.s.c.support.DefaultLifecycleProcessor  : Starting beans in phase 0
2021-03-29 14:16:13.302  INFO 7532 --- [main] o.s.c.n.eureka.InstanceInfoFactory       : Setting initial instance status as: STARTING
2021-03-29 14:16:13.352  INFO 7532 --- [main] com.netflix.discovery.DiscoveryClient    : Initializing Eureka in region us-east-1
2021-03-29 14:16:13.435  INFO 7532 --- [main] c.n.d.provider.DiscoveryJerseyProvider   : Using JSON encoding codec LegacyJacksonJson
2021-03-29 14:16:13.435  INFO 7532 --- [main] c.n.d.provider.DiscoveryJerseyProvider   : Using JSON decoding codec LegacyJacksonJson
2021-03-29 14:16:13.569  INFO 7532 --- [main] c.n.d.provider.DiscoveryJerseyProvider   : Using XML encoding codec XStreamXml
2021-03-29 14:16:13.570  INFO 7532 --- [main] c.n.d.provider.DiscoveryJerseyProvider   : Using XML decoding codec XStreamXml
2021-03-29 14:16:13.747  INFO 7532 --- [main] c.n.d.s.r.aws.ConfigClusterResolver      : Resolving eureka endpoints via configuration
2021-03-29 14:16:13.975  INFO 7532 --- [main] com.netflix.discovery.DiscoveryClient    : Disable delta property : false
2021-03-29 14:16:13.976  INFO 7532 --- [main] com.netflix.discovery.DiscoveryClient    : Single vip registry refresh property : null
2021-03-29 14:16:13.976  INFO 7532 --- [main] com.netflix.discovery.DiscoveryClient    : Force full registry fetch : false
2021-03-29 14:16:13.976  INFO 7532 --- [main] com.netflix.discovery.DiscoveryClient    : Application is null : false
2021-03-29 14:16:13.976  INFO 7532 --- [main] com.netflix.discovery.DiscoveryClient    : Registered Applications size is zero : true
2021-03-29 14:16:13.976  INFO 7532 --- [main] com.netflix.discovery.DiscoveryClient    : Application version is -1: true
2021-03-29 14:16:13.976  INFO 7532 --- [main] com.netflix.discovery.DiscoveryClient    : Getting all instance registry info from the eureka server
2021-03-29 14:16:14.123  INFO 7532 --- [main] com.netflix.discovery.DiscoveryClient    : The response status is 200
2021-03-29 14:16:14.126  INFO 7532 --- [main] com.netflix.discovery.DiscoveryClient    : Starting heartbeat executor: renew interval is: 1
2021-03-29 14:16:14.128  INFO 7532 --- [main] c.n.discovery.InstanceInfoReplicator     : InstanceInfoReplicator onDemand update allowed rate per min is 4
2021-03-29 14:16:14.132  INFO 7532 --- [main] com.netflix.discovery.DiscoveryClient    : Discovery Client initialized at timestamp 1617002174131 with initial instances count: 2
2021-03-29 14:16:14.140  INFO 7532 --- [main] o.s.c.n.e.s.EurekaServiceRegistry        : Registering application authorization-service with eureka with status UP
2021-03-29 14:16:14.141  INFO 7532 --- [main] com.netflix.discovery.DiscoveryClient    : Saw local status change event StatusChangeEvent [timestamp=1617002174141, current=UP, previous=STARTING]
2021-03-29 14:16:14.142  INFO 7532 --- [DiscoveryClient-InstanceInfoReplicator-0] com.netflix.discovery.DiscoveryClient    : DiscoveryClient_AUTHORIZATION-SERVICE/thaitt.imt-soft.com:authorization-service:9001: registering service...
2021-03-29 14:16:14.145  INFO 7532 --- [main] o.s.i.endpoint.EventDrivenConsumer       : Adding {logging-channel-adapter:_org.springframework.integration.errorLogger} as a subscriber to the 'errorChannel' channel
2021-03-29 14:16:14.146  INFO 7532 --- [main] o.s.i.channel.PublishSubscribeChannel    : Channel 'application-1.errorChannel' has 1 subscriber(s).
2021-03-29 14:16:14.146  INFO 7532 --- [main] o.s.i.endpoint.EventDrivenConsumer       : started _org.springframework.integration.errorLogger
2021-03-29 14:16:14.174  INFO 7532 --- [DiscoveryClient-InstanceInfoReplicator-0] com.netflix.discovery.DiscoveryClient    : DiscoveryClient_AUTHORIZATION-SERVICE/thaitt.imt-soft.com:authorization-service:9001 - registration status: 204
2021-03-29 14:16:14.181  INFO 7532 --- [main] o.s.b.w.embedded.tomcat.TomcatWebServer  : Tomcat started on port(s): 9001 (http) with context path ''
2021-03-29 14:16:14.183  INFO 7532 --- [main] .s.c.n.e.s.EurekaAutoServiceRegistration : Updating port to 9001
2021-03-29 14:16:14.186  INFO 7532 --- [main] vn.viettel.authorization.Application     : Started Application in 16.622 seconds (JVM running for 17.951)
2021-03-29 14:16:14.375  INFO 7532 --- [RMI TCP Connection(3)-192.168.109.208] c.c.c.ConfigServicePropertySourceLocator : Fetching config from server at : http://localhost:8888
2021-03-29 14:16:14.728  INFO 7532 --- [RMI TCP Connection(5)-192.168.109.208] o.a.c.c.C.[Tomcat].[localhost].[/]       : Initializing Spring FrameworkServlet 'dispatcherServlet'
2021-03-29 14:16:14.728  INFO 7532 --- [RMI TCP Connection(5)-192.168.109.208] o.s.web.servlet.DispatcherServlet        : FrameworkServlet 'dispatcherServlet': initialization started
2021-03-29 14:16:14.750  INFO 7532 --- [RMI TCP Connection(5)-192.168.109.208] o.s.web.servlet.DispatcherServlet        : FrameworkServlet 'dispatcherServlet': initialization completed in 22 ms
2021-03-29 14:16:16.386  INFO 7532 --- [RMI TCP Connection(3)-192.168.109.208] c.c.c.ConfigServicePropertySourceLocator : Connect Timeout Exception on Url - http://localhost:8888. Will be trying the next url if available
2021-03-29 14:16:16.387  WARN 7532 --- [RMI TCP Connection(3)-192.168.109.208] c.c.c.ConfigServicePropertySourceLocator : Could not locate PropertySource: I/O error on GET request for "http://localhost:8888/authorization-service/default": Connection refused: connect; nested exception is java.net.ConnectException: Connection refused: connect
2021-03-29 14:21:13.985  INFO 7532 --- [AsyncResolver-bootstrap-executor-0] c.n.d.s.r.aws.ConfigClusterResolver      : Resolving eureka endpoints via configuration
2021-03-29 14:26:13.988  INFO 7532 --- [AsyncResolver-bootstrap-executor-0] c.n.d.s.r.aws.ConfigClusterResolver      : Resolving eureka endpoints via configuration
2021-03-29 14:31:13.990  INFO 7532 --- [AsyncResolver-bootstrap-executor-0] c.n.d.s.r.aws.ConfigClusterResolver      : Resolving eureka endpoints via configuration
2021-03-29 14:36:13.988  INFO 7532 --- [AsyncResolver-bootstrap-executor-0] c.n.d.s.r.aws.ConfigClusterResolver      : Resolving eureka endpoints via configuration
2021-03-29 14:41:13.997  INFO 7532 --- [AsyncResolver-bootstrap-executor-0] c.n.d.s.r.aws.ConfigClusterResolver      : Resolving eureka endpoints via configuration
2021-03-29 14:46:13.998  INFO 7532 --- [AsyncResolver-bootstrap-executor-0] c.n.d.s.r.aws.ConfigClusterResolver      : Resolving eureka endpoints via configuration
2021-03-29 14:51:14.000  INFO 7532 --- [AsyncResolver-bootstrap-executor-0] c.n.d.s.r.aws.ConfigClusterResolver      : Resolving eureka endpoints via configuration
2021-03-29 14:56:14.003  INFO 7532 --- [AsyncResolver-bootstrap-executor-0] c.n.d.s.r.aws.ConfigClusterResolver      : Resolving eureka endpoints via configuration
2021-03-29 15:01:14.006  INFO 7532 --- [AsyncResolver-bootstrap-executor-0] c.n.d.s.r.aws.ConfigClusterResolver      : Resolving eureka endpoints via configuration
2021-03-29 15:06:14.009  INFO 7532 --- [AsyncResolver-bootstrap-executor-0] c.n.d.s.r.aws.ConfigClusterResolver      : Resolving eureka endpoints via configuration
2021-03-29 15:11:14.015  INFO 7532 --- [AsyncResolver-bootstrap-executor-0] c.n.d.s.r.aws.ConfigClusterResolver      : Resolving eureka endpoints via configuration
2021-03-29 15:16:14.018  INFO 7532 --- [AsyncResolver-bootstrap-executor-0] c.n.d.s.r.aws.ConfigClusterResolver      : Resolving eureka endpoints via configuration
2021-03-29 15:21:14.030  INFO 7532 --- [AsyncResolver-bootstrap-executor-0] c.n.d.s.r.aws.ConfigClusterResolver      : Resolving eureka endpoints via configuration
2021-03-29 15:26:14.041  INFO 7532 --- [AsyncResolver-bootstrap-executor-0] c.n.d.s.r.aws.ConfigClusterResolver      : Resolving eureka endpoints via configuration
2021-03-29 15:31:14.048  INFO 7532 --- [AsyncResolver-bootstrap-executor-0] c.n.d.s.r.aws.ConfigClusterResolver      : Resolving eureka endpoints via configuration
2021-03-29 15:36:14.054  INFO 7532 --- [AsyncResolver-bootstrap-executor-0] c.n.d.s.r.aws.ConfigClusterResolver      : Resolving eureka endpoints via configuration
2021-03-29 15:41:14.058  INFO 7532 --- [AsyncResolver-bootstrap-executor-0] c.n.d.s.r.aws.ConfigClusterResolver      : Resolving eureka endpoints via configuration
2021-03-29 15:46:14.063  INFO 7532 --- [AsyncResolver-bootstrap-executor-0] c.n.d.s.r.aws.ConfigClusterResolver      : Resolving eureka endpoints via configuration
2021-03-29 15:51:14.066  INFO 7532 --- [AsyncResolver-bootstrap-executor-0] c.n.d.s.r.aws.ConfigClusterResolver      : Resolving eureka endpoints via configuration
2021-03-29 15:56:14.069  INFO 7532 --- [AsyncResolver-bootstrap-executor-0] c.n.d.s.r.aws.ConfigClusterResolver      : Resolving eureka endpoints via configuration
