2021-03-29 00:10:13.990  INFO 6428 --- [main] c.c.c.ConfigServicePropertySourceLocator : Fetching config from server at : http://localhost:8888
2021-03-29 00:10:16.124  INFO 6428 --- [main] c.c.c.ConfigServicePropertySourceLocator : Connect Timeout Exception on Url - http://localhost:8888. Will be trying the next url if available
2021-03-29 00:10:16.125  WARN 6428 --- [main] c.c.c.ConfigServicePropertySourceLocator : Could not locate PropertySource: I/O error on GET request for "http://localhost:8888/discovery-server/default": Connection refused: connect; nested exception is java.net.ConnectException: Connection refused: connect
2021-03-29 00:10:16.128  INFO 6428 --- [main] vn.viettel.server.discovery.Application  : The following profiles are active: dev
2021-03-29 00:10:16.141  INFO 6428 --- [main] ConfigServletWebServerApplicationContext : Refreshing org.springframework.boot.web.servlet.context.AnnotationConfigServletWebServerApplicationContext@64bce832: startup date [Mon Mar 29 00:10:16 ICT 2021]; parent: org.springframework.context.annotation.AnnotationConfigApplicationContext@9597028
2021-03-29 00:10:17.397  INFO 6428 --- [main] o.s.cloud.context.scope.GenericScope     : BeanFactory id=595de51a-efdc-3405-9c96-096257a4577f
2021-03-29 00:10:17.417  INFO 6428 --- [main] f.a.AutowiredAnnotationBeanPostProcessor : JSR-330 'javax.inject.Inject' annotation found and supported for autowiring
2021-03-29 00:10:17.504  INFO 6428 --- [main] trationDelegate$BeanPostProcessorChecker : Bean 'org.springframework.cloud.autoconfigure.ConfigurationPropertiesRebinderAutoConfiguration' of type [org.springframework.cloud.autoconfigure.ConfigurationPropertiesRebinderAutoConfiguration$$EnhancerBySpringCGLIB$$a4218ca6] is not eligible for getting processed by all BeanPostProcessors (for example: not eligible for auto-proxying)
2021-03-29 00:10:17.703  INFO 6428 --- [main] o.s.b.w.embedded.tomcat.TomcatWebServer  : Tomcat initialized with port(s): 8761 (http)
2021-03-29 00:10:17.721  INFO 6428 --- [main] o.apache.catalina.core.StandardService   : Starting service [Tomcat]
2021-03-29 00:10:17.722  INFO 6428 --- [main] org.apache.catalina.core.StandardEngine  : Starting Servlet Engine: Apache Tomcat/8.5.31
2021-03-29 00:10:17.726  INFO 6428 --- [localhost-startStop-1] o.a.catalina.core.AprLifecycleListener   : The APR based Apache Tomcat Native library which allows optimal performance in production environments was not found on the java.library.path: [C:\Program Files\Java\jdk1.8.0_281\bin;C:\WINDOWS\Sun\Java\bin;C:\WINDOWS\system32;C:\WINDOWS;C:\Program Files (x86)\Common Files\Oracle\Java\javapath;C:\Windows\system32;C:\Windows;C:\Windows\System32\Wbem;C:\Windows\System32\WindowsPowerShell\v1.0\;C:\Windows\System32\OpenSSH\;C:\Program Files\NVIDIA Corporation\NVIDIA NvDLISR;C:\Program Files (x86)\NVIDIA Corporation\PhysX\Common;C:\Program Files\nodejs\;C:\WINDOWS\system32;C:\WINDOWS;C:\WINDOWS\System32\Wbem;C:\WINDOWS\System32\WindowsPowerShell\v1.0\;C:\WINDOWS\System32\OpenSSH\;C:\Program Files\Git\cmd;C:\Program Files\Maven\bin;C:\Program Files\MySQL\MySQL Shell 8.0\bin\;C:\Users\Admin\AppData\Local\Microsoft\WindowsApps;C:\Users\Admin\AppData\Local\Programs\Microsoft VS Code\bin;C:\Users\Admin\AppData\Roaming\npm;C:\Users\Admin\AppData\Local\GitHubDesktop\bin;.]
2021-03-29 00:10:17.878  INFO 6428 --- [localhost-startStop-1] o.a.c.c.C.[Tomcat].[localhost].[/]       : Initializing Spring embedded WebApplicationContext
2021-03-29 00:10:17.879  INFO 6428 --- [localhost-startStop-1] o.s.web.context.ContextLoader            : Root WebApplicationContext: initialization completed in 1738 ms
2021-03-29 00:10:18.178  WARN 6428 --- [localhost-startStop-1] c.n.c.sources.URLConfigurationSource     : No URLs will be polled as dynamic configuration sources.
2021-03-29 00:10:18.179  INFO 6428 --- [localhost-startStop-1] c.n.c.sources.URLConfigurationSource     : To enable URLs as dynamic configuration sources, define System property archaius.configurationSource.additionalUrls or make config.properties available on classpath.
2021-03-29 00:10:18.193  INFO 6428 --- [localhost-startStop-1] c.netflix.config.DynamicPropertyFactory  : DynamicPropertyFactory is initialized with configuration sources: com.netflix.config.ConcurrentCompositeConfiguration@3726c194
2021-03-29 00:10:19.813  INFO 6428 --- [localhost-startStop-1] o.s.cloud.commons.util.InetUtils         : Cannot determine local hostname
2021-03-29 00:10:20.967  INFO 6428 --- [localhost-startStop-1] o.s.cloud.commons.util.InetUtils         : Cannot determine local hostname
2021-03-29 00:10:21.422  INFO 6428 --- [localhost-startStop-1] o.s.b.w.servlet.FilterRegistrationBean   : Mapping filter: 'characterEncodingFilter' to: [/*]
2021-03-29 00:10:21.423  INFO 6428 --- [localhost-startStop-1] o.s.b.w.servlet.FilterRegistrationBean   : Mapping filter: 'hiddenHttpMethodFilter' to: [/*]
2021-03-29 00:10:21.423  INFO 6428 --- [localhost-startStop-1] o.s.b.w.servlet.FilterRegistrationBean   : Mapping filter: 'httpPutFormContentFilter' to: [/*]
2021-03-29 00:10:21.423  INFO 6428 --- [localhost-startStop-1] o.s.b.w.servlet.FilterRegistrationBean   : Mapping filter: 'requestContextFilter' to: [/*]
2021-03-29 00:10:21.424  INFO 6428 --- [localhost-startStop-1] o.s.b.w.servlet.FilterRegistrationBean   : Mapping filter: 'httpTraceFilter' to: [/*]
2021-03-29 00:10:21.424  INFO 6428 --- [localhost-startStop-1] o.s.b.w.servlet.FilterRegistrationBean   : Mapping filter: 'webMvcMetricsFilter' to: [/*]
2021-03-29 00:10:21.424  INFO 6428 --- [localhost-startStop-1] o.s.b.w.servlet.FilterRegistrationBean   : Mapping filter: 'servletContainer' to urls: [/eureka/*]
2021-03-29 00:10:21.425  INFO 6428 --- [localhost-startStop-1] o.s.b.w.servlet.ServletRegistrationBean  : Servlet dispatcherServlet mapped to [/]
2021-03-29 00:10:21.510  INFO 6428 --- [localhost-startStop-1] c.s.j.s.i.a.WebApplicationImpl           : Initiating Jersey application, version 'Jersey: 1.19.1 03/11/2016 02:08 PM'
2021-03-29 00:10:21.575  INFO 6428 --- [localhost-startStop-1] c.n.d.provider.DiscoveryJerseyProvider   : Using JSON encoding codec LegacyJacksonJson
2021-03-29 00:10:21.576  INFO 6428 --- [localhost-startStop-1] c.n.d.provider.DiscoveryJerseyProvider   : Using JSON decoding codec LegacyJacksonJson
2021-03-29 00:10:21.688  INFO 6428 --- [localhost-startStop-1] c.n.d.provider.DiscoveryJerseyProvider   : Using XML encoding codec XStreamXml
2021-03-29 00:10:21.688  INFO 6428 --- [localhost-startStop-1] c.n.d.provider.DiscoveryJerseyProvider   : Using XML decoding codec XStreamXml
2021-03-29 00:10:21.956  WARN 6428 --- [main] c.n.c.sources.URLConfigurationSource     : No URLs will be polled as dynamic configuration sources.
2021-03-29 00:10:21.957  INFO 6428 --- [main] c.n.c.sources.URLConfigurationSource     : To enable URLs as dynamic configuration sources, define System property archaius.configurationSource.additionalUrls or make config.properties available on classpath.
2021-03-29 00:10:22.018  INFO 6428 --- [main] o.s.w.s.handler.SimpleUrlHandlerMapping  : Mapped URL path [/**/favicon.ico] onto handler of type [class org.springframework.web.servlet.resource.ResourceHttpRequestHandler]
2021-03-29 00:10:22.163  INFO 6428 --- [main] s.w.s.m.m.a.RequestMappingHandlerAdapter : Looking for @ControllerAdvice: org.springframework.boot.web.servlet.context.AnnotationConfigServletWebServerApplicationContext@64bce832: startup date [Mon Mar 29 00:10:16 ICT 2021]; parent: org.springframework.context.annotation.AnnotationConfigApplicationContext@9597028
2021-03-29 00:10:22.214  INFO 6428 --- [main] s.w.s.m.m.a.RequestMappingHandlerMapping : Mapped "{[/healthCheck],methods=[GET]}" onto public java.lang.String vn.viettel.server.discovery.controller.DiscoveryController.healthCheck()
2021-03-29 00:10:22.219  INFO 6428 --- [main] s.w.s.m.m.a.RequestMappingHandlerMapping : Mapped "{[/error]}" onto public org.springframework.http.ResponseEntity<java.util.Map<java.lang.String, java.lang.Object>> org.springframework.boot.autoconfigure.web.servlet.error.BasicErrorController.error(javax.servlet.http.HttpServletRequest)
2021-03-29 00:10:22.219  INFO 6428 --- [main] s.w.s.m.m.a.RequestMappingHandlerMapping : Mapped "{[/error],produces=[text/html]}" onto public org.springframework.web.servlet.ModelAndView org.springframework.boot.autoconfigure.web.servlet.error.BasicErrorController.errorHtml(javax.servlet.http.HttpServletRequest,javax.servlet.http.HttpServletResponse)
2021-03-29 00:10:22.225  INFO 6428 --- [main] s.w.s.m.m.a.RequestMappingHandlerMapping : Mapped "{[/],methods=[GET]}" onto public java.lang.String org.springframework.cloud.netflix.eureka.server.EurekaController.status(javax.servlet.http.HttpServletRequest,java.util.Map<java.lang.String, java.lang.Object>)
2021-03-29 00:10:22.225  INFO 6428 --- [main] s.w.s.m.m.a.RequestMappingHandlerMapping : Mapped "{[/lastn],methods=[GET]}" onto public java.lang.String org.springframework.cloud.netflix.eureka.server.EurekaController.lastn(javax.servlet.http.HttpServletRequest,java.util.Map<java.lang.String, java.lang.Object>)
2021-03-29 00:10:22.257  INFO 6428 --- [main] o.s.w.s.handler.SimpleUrlHandlerMapping  : Mapped URL path [/webjars/**] onto handler of type [class org.springframework.web.servlet.resource.ResourceHttpRequestHandler]
2021-03-29 00:10:22.258  INFO 6428 --- [main] o.s.w.s.handler.SimpleUrlHandlerMapping  : Mapped URL path [/**] onto handler of type [class org.springframework.web.servlet.resource.ResourceHttpRequestHandler]
2021-03-29 00:10:22.654  INFO 6428 --- [main] o.s.ui.freemarker.SpringTemplateLoader   : SpringTemplateLoader for FreeMarker: using resource loader [org.springframework.boot.web.servlet.context.AnnotationConfigServletWebServerApplicationContext@64bce832: startup date [Mon Mar 29 00:10:16 ICT 2021]; parent: org.springframework.context.annotation.AnnotationConfigApplicationContext@9597028] and template loader path [classpath:/templates/]
2021-03-29 00:10:22.655  INFO 6428 --- [main] o.s.w.s.v.f.FreeMarkerConfigurer         : ClassTemplateLoader for Spring macros added to FreeMarker configuration
2021-03-29 00:10:22.844  INFO 6428 --- [main] o.s.c.n.eureka.InstanceInfoFactory       : Setting initial instance status as: STARTING
2021-03-29 00:10:22.872  INFO 6428 --- [main] com.netflix.discovery.DiscoveryClient    : Initializing Eureka in region us-east-1
2021-03-29 00:10:22.873  INFO 6428 --- [main] com.netflix.discovery.DiscoveryClient    : Client configured to neither register nor query for data.
2021-03-29 00:10:22.879  INFO 6428 --- [main] com.netflix.discovery.DiscoveryClient    : Discovery Client initialized at timestamp 1616951422878 with initial instances count: 0
2021-03-29 00:10:22.916  INFO 6428 --- [main] c.n.eureka.DefaultEurekaServerContext    : Initializing ...
2021-03-29 00:10:22.917  WARN 6428 --- [main] c.n.eureka.cluster.PeerEurekaNodes       : The replica size seems to be empty. Check the route 53 DNS Registry
2021-03-29 00:10:22.929  INFO 6428 --- [main] c.n.e.registry.AbstractInstanceRegistry  : Finished initializing remote region registries. All known remote regions: []
2021-03-29 00:10:22.930  INFO 6428 --- [main] c.n.eureka.DefaultEurekaServerContext    : Initialized
2021-03-29 00:10:22.945  INFO 6428 --- [main] o.s.b.a.e.web.EndpointLinksResolver      : Exposing 3 endpoint(s) beneath base path '/actuator'
2021-03-29 00:10:22.954  INFO 6428 --- [main] s.b.a.e.w.s.WebMvcEndpointHandlerMapping : Mapped "{[/actuator/health],methods=[GET],produces=[application/vnd.spring-boot.actuator.v2+json || application/json]}" onto public java.lang.Object org.springframework.boot.actuate.endpoint.web.servlet.AbstractWebMvcEndpointHandlerMapping$OperationHandler.handle(javax.servlet.http.HttpServletRequest,java.util.Map<java.lang.String, java.lang.String>)
2021-03-29 00:10:22.955  INFO 6428 --- [main] s.b.a.e.w.s.WebMvcEndpointHandlerMapping : Mapped "{[/actuator/info],methods=[GET],produces=[application/vnd.spring-boot.actuator.v2+json || application/json]}" onto public java.lang.Object org.springframework.boot.actuate.endpoint.web.servlet.AbstractWebMvcEndpointHandlerMapping$OperationHandler.handle(javax.servlet.http.HttpServletRequest,java.util.Map<java.lang.String, java.lang.String>)
2021-03-29 00:10:22.956  INFO 6428 --- [main] s.b.a.e.w.s.WebMvcEndpointHandlerMapping : Mapped "{[/actuator/refresh],methods=[POST],produces=[application/vnd.spring-boot.actuator.v2+json || application/json]}" onto public java.lang.Object org.springframework.boot.actuate.endpoint.web.servlet.AbstractWebMvcEndpointHandlerMapping$OperationHandler.handle(javax.servlet.http.HttpServletRequest,java.util.Map<java.lang.String, java.lang.String>)
2021-03-29 00:10:22.956  INFO 6428 --- [main] s.b.a.e.w.s.WebMvcEndpointHandlerMapping : Mapped "{[/actuator],methods=[GET],produces=[application/vnd.spring-boot.actuator.v2+json || application/json]}" onto protected java.util.Map<java.lang.String, java.util.Map<java.lang.String, org.springframework.boot.actuate.endpoint.web.Link>> org.springframework.boot.actuate.endpoint.web.servlet.WebMvcEndpointHandlerMapping.links(javax.servlet.http.HttpServletRequest,javax.servlet.http.HttpServletResponse)
2021-03-29 00:10:23.000  INFO 6428 --- [main] o.s.j.e.a.AnnotationMBeanExporter        : Registering beans for JMX exposure on startup
2021-03-29 00:10:23.012  INFO 6428 --- [main] o.s.j.e.a.AnnotationMBeanExporter        : Bean with name 'environmentManager' has been autodetected for JMX exposure
2021-03-29 00:10:23.015  INFO 6428 --- [main] o.s.j.e.a.AnnotationMBeanExporter        : Bean with name 'configurationPropertiesRebinder' has been autodetected for JMX exposure
2021-03-29 00:10:23.015  INFO 6428 --- [main] o.s.j.e.a.AnnotationMBeanExporter        : Bean with name 'refreshScope' has been autodetected for JMX exposure
2021-03-29 00:10:23.020  INFO 6428 --- [main] o.s.j.e.a.AnnotationMBeanExporter        : Located managed bean 'environmentManager': registering with JMX server as MBean [org.springframework.cloud.context.environment:name=environmentManager,type=EnvironmentManager]
2021-03-29 00:10:23.030  INFO 6428 --- [main] o.s.j.e.a.AnnotationMBeanExporter        : Located managed bean 'refreshScope': registering with JMX server as MBean [org.springframework.cloud.context.scope.refresh:name=refreshScope,type=RefreshScope]
2021-03-29 00:10:23.043  INFO 6428 --- [main] o.s.j.e.a.AnnotationMBeanExporter        : Located managed bean 'configurationPropertiesRebinder': registering with JMX server as MBean [org.springframework.cloud.context.properties:name=configurationPropertiesRebinder,context=64bce832,type=ConfigurationPropertiesRebinder]
2021-03-29 00:10:23.060  INFO 6428 --- [main] o.s.c.support.DefaultLifecycleProcessor  : Starting beans in phase 0
2021-03-29 00:10:23.061  INFO 6428 --- [main] o.s.c.n.e.s.EurekaServiceRegistry        : Registering application discovery-server with eureka with status UP
2021-03-29 00:10:23.065  INFO 6428 --- [Thread-35] o.s.c.n.e.server.EurekaServerBootstrap   : Setting the eureka configuration..
2021-03-29 00:10:23.066  INFO 6428 --- [Thread-35] o.s.c.n.e.server.EurekaServerBootstrap   : Eureka data center value eureka.datacenter is not set, defaulting to default
2021-03-29 00:10:23.067  INFO 6428 --- [Thread-35] o.s.c.n.e.server.EurekaServerBootstrap   : Eureka environment value eureka.environment is not set, defaulting to test
2021-03-29 00:10:23.087  INFO 6428 --- [Thread-35] o.s.c.n.e.server.EurekaServerBootstrap   : isAws returned false
2021-03-29 00:10:23.088  INFO 6428 --- [Thread-35] o.s.c.n.e.server.EurekaServerBootstrap   : Initialized server context
2021-03-29 00:10:23.090  INFO 6428 --- [Thread-35] c.n.e.r.PeerAwareInstanceRegistryImpl    : Got 1 instances from neighboring DS node
2021-03-29 00:10:23.091  INFO 6428 --- [Thread-35] c.n.e.r.PeerAwareInstanceRegistryImpl    : Renew threshold is: 1
2021-03-29 00:10:23.092  INFO 6428 --- [Thread-35] c.n.e.r.PeerAwareInstanceRegistryImpl    : Changing status to UP
2021-03-29 00:10:23.102  INFO 6428 --- [Thread-35] e.s.EurekaServerInitializerConfiguration : Started Eureka Server
2021-03-29 00:10:23.111  INFO 6428 --- [main] o.s.b.w.embedded.tomcat.TomcatWebServer  : Tomcat started on port(s): 8761 (http) with context path ''
2021-03-29 00:10:23.113  INFO 6428 --- [main] .s.c.n.e.s.EurekaAutoServiceRegistration : Updating port to 8761
2021-03-29 00:10:23.116  INFO 6428 --- [main] vn.viettel.server.discovery.Application  : Started Application in 12.63 seconds (JVM running for 13.726)
2021-03-29 00:10:23.342  INFO 6428 --- [RMI TCP Connection(6)-192.168.200.95] o.a.c.c.C.[Tomcat].[localhost].[/]       : Initializing Spring FrameworkServlet 'dispatcherServlet'
2021-03-29 00:10:23.342  INFO 6428 --- [RMI TCP Connection(6)-192.168.200.95] o.s.web.servlet.DispatcherServlet        : FrameworkServlet 'dispatcherServlet': initialization started
2021-03-29 00:10:23.346  INFO 6428 --- [RMI TCP Connection(7)-192.168.200.95] c.c.c.ConfigServicePropertySourceLocator : Fetching config from server at : http://localhost:8888
2021-03-29 00:10:23.356  INFO 6428 --- [RMI TCP Connection(6)-192.168.200.95] o.s.web.servlet.DispatcherServlet        : FrameworkServlet 'dispatcherServlet': initialization completed in 14 ms
2021-03-29 00:10:25.373  INFO 6428 --- [RMI TCP Connection(7)-192.168.200.95] c.c.c.ConfigServicePropertySourceLocator : Connect Timeout Exception on Url - http://localhost:8888. Will be trying the next url if available
2021-03-29 00:10:25.373  WARN 6428 --- [RMI TCP Connection(7)-192.168.200.95] c.c.c.ConfigServicePropertySourceLocator : Could not locate PropertySource: I/O error on GET request for "http://localhost:8888/discovery-server/default": Connection refused: connect; nested exception is java.net.ConnectException: Connection refused: connect
2021-03-29 00:10:39.723  INFO 6428 --- [http-nio-8761-exec-3] c.n.e.registry.AbstractInstanceRegistry  : Registered instance API-GATEWAY/localhost:api-gateway:2407 with status UP (replication=false)
2021-03-29 00:11:19.911  INFO 6428 --- [http-nio-8761-exec-6] c.n.e.registry.AbstractInstanceRegistry  : Registered instance CUSTOMER-SERVICE/localhost:customer-service:9003 with status UP (replication=false)
2021-03-29 00:11:23.104  INFO 6428 --- [Eureka-EvictionTimer] c.n.e.registry.AbstractInstanceRegistry  : Running the evict task with compensationTime 0ms
2021-03-29 00:11:27.486  INFO 6428 --- [http-nio-8761-exec-10] c.n.e.registry.AbstractInstanceRegistry  : Registered instance SALE-SERVICE/localhost:sale-service:9006 with status UP (replication=false)
